#
# A fatal error has been detected by the Java Runtime Environment:
#
#  EXCEPTION_ACCESS_VIOLATION (0xc0000005) at pc=0x00007ff9f980a469, pid=7612, tid=8132
#
# JRE version: OpenJDK Runtime Environment (11.0.10) (build 11.0.10+0-b96-7249189)
# Java VM: OpenJDK 64-Bit Server VM (11.0.10+0-b96-7249189, mixed mode, tiered, compressed oops, g1 gc, windows-amd64)
# Problematic frame:
# V  [jvm.dll+0x2da469]
#
# No core dump will be written. Minidumps are not enabled by default on client versions of Windows
#
# If you would like to submit a bug report, please visit:
#   https://bugreport.java.com/bugreport/crash.jsp
#

---------------  S U M M A R Y ------------

Command Line: --add-opens=java.base/java.util=ALL-UNNAMED --add-opens=java.base/java.lang=ALL-UNNAMED --add-opens=java.base/java.lang.invoke=ALL-UNNAMED --add-opens=java.base/java.util=ALL-UNNAMED --add-opens=java.prefs/java.util.prefs=ALL-UNNAMED --add-opens=java.prefs/java.util.prefs=ALL-UNNAMED --add-opens=java.base/java.nio.charset=ALL-UNNAMED --add-opens=java.base/java.net=ALL-UNNAMED --add-opens=java.base/java.util.concurrent.atomic=ALL-UNNAMED -Xmx2048m -Dfile.encoding=UTF-8 -Duser.country=RU -Duser.language=ru -Duser.variant org.gradle.launcher.daemon.bootstrap.GradleDaemon 7.0.2

Host: AMD Ryzen 3 3200U with Radeon Vega Mobile Gfx  , 4 cores, 13G,  Windows 10 , 64 bit Build 19041 (10.0.19041.928)
Time: Sun Dec 12 16:38:52 2021 RTZ 2 (зима) elapsed time: 4419.645776 seconds (0d 1h 13m 39s)

---------------  T H R E A D  ---------------

Current thread (0x000002938e6ca000):  ConcurrentGCThread "G1 Conc#0" [stack: 0x000000f965a00000,0x000000f965b00000] [id=8132]

Stack: [0x000000f965a00000,0x000000f965b00000],  sp=0x000000f965aff270,  free space=1020k
Native frames: (J=compiled Java code, j=interpreted, Vv=VM code, C=native code)
V  [jvm.dll+0x2da469]
V  [jvm.dll+0x2da396]
V  [jvm.dll+0x2d362d]
V  [jvm.dll+0x2d1aa1]
V  [jvm.dll+0x2dffcf]
V  [jvm.dll+0x2e1d8b]
V  [jvm.dll+0x2e395b]
V  [jvm.dll+0x2e2579]
V  [jvm.dll+0x2e6b46]
V  [jvm.dll+0x748da0]
V  [jvm.dll+0x6e3d45]
V  [jvm.dll+0x5ebe96]
C  [ucrtbase.dll+0x21bb2]
C  [KERNEL32.DLL+0x17034]
C  [ntdll.dll+0x52651]


siginfo: EXCEPTION_ACCESS_VIOLATION (0xc0000005), reading address 0x0000000000000160


Register to memory mapping:

RIP=0x00007ff9f980a469 jvm.dll
RAX=0x000002938e6b8700 points into unknown readable memory: 0x0000000000000000 | 00 00 00 00 00 00 00 00
RBX=0x0000000000004000 is an unknown value
RCX=0x000002938e6c8090 points into unknown readable memory: 0x000002938e6c9000 | 00 90 6c 8e 93 02 00 00
RDX=0x0 is NULL
RSP=0x000000f965aff270 points into unknown readable memory: 0x000000000000002b | 2b 00 00 00 00 00 00 00
RBP=0x000002938e6c8090 points into unknown readable memory: 0x000002938e6c9000 | 00 90 6c 8e 93 02 00 00
RSI=0x000000f965aff468 points into unknown readable memory: 0x00007ff9f9d4ef20 | 20 ef d4 f9 f9 7f 00 00
RDI=0x0000000000004000 is an unknown value
R8 =0x0 is NULL
R9 =0x0000000000004000 is an unknown value
R10=0x000002938e6c8090 points into unknown readable memory: 0x000002938e6c9000 | 00 90 6c 8e 93 02 00 00
R11=0x00000293a1d40000 points into unknown readable memory: 0x0000000000000001 | 01 00 00 00 00 00 00 00
R12=0x000000000000000c is an unknown value
R13=0xaaaaaaaaaaaaaaab is an unknown value
R14=0x0 is NULL
R15=0x000000f965aff440 points into unknown readable memory: 0x000002938e6c8090 | 90 80 6c 8e 93 02 00 00


Registers:
RAX=0x000002938e6b8700, RBX=0x0000000000004000, RCX=0x000002938e6c8090, RDX=0x0000000000000000
RSP=0x000000f965aff270, RBP=0x000002938e6c8090, RSI=0x000000f965aff468, RDI=0x0000000000004000
R8 =0x0000000000000000, R9 =0x0000000000004000, R10=0x000002938e6c8090, R11=0x00000293a1d40000
R12=0x000000000000000c, R13=0xaaaaaaaaaaaaaaab, R14=0x0000000000000000, R15=0x000000f965aff440
RIP=0x00007ff9f980a469, EFLAGS=0x0000000000010202

Top of Stack: (sp=0x000000f965aff270)
0x000000f965aff270:   000000000000002b 0000000000000001
0x000000f965aff280:   0000000100019a28 00007ff9f980a396
0x000000f965aff290:   000002938e6ca501 00007ff9f980a396
0x000000f965aff2a0:   000000f965aff468 0000000082b833d8
0x000000f965aff2b0:   000002938e6cec30 000000f965aff468
0x000000f965aff2c0:   0000000000000000 00007ff9f98021ed
0x000000f965aff2d0:   0000000082b833d8 00007ff9f980362d
0x000000f965aff2e0:   0000000082b83388 0000000082b833c4
0x000000f965aff2f0:   000000f965aff440 000002938e6ca501
0x000000f965aff300:   0000000100023840 00007ff9f9801aa1
0x000000f965aff310:   000000000000000a 0000000082b83388
0x000000f965aff320:   0000000082b83358 00007ff9f9aefae1
0x000000f965aff330:   0000000082b83388 00007ff9f980ffcf
0x000000f965aff340:   000002938e6cec30 0000000000580000
0x000000f965aff350:   000000f965aff440 0000000000000000
0x000000f965aff360:   0000000082b83388 00007ff9f9811d8b 

Instructions: (pc=0x00007ff9f980a469)
0x00007ff9f980a369:   00 00 00 00 48 8b fa 4c 8b ca 49 8b 42 08 8b 53
0x00007ff9f980a379:   10 8b 88 c0 02 00 00 48 8b 80 b0 02 00 00 49 d3
0x00007ff9f980a389:   e8 49 8b ca 4e 8b 04 c0 e8 ba 00 00 00 84 c0 75
0x00007ff9f980a399:   0b 48 8b 5c 24 48 48 83 c4 30 5f c3 48 8b 43 20
0x00007ff9f980a3a9:   48 8b 88 d8 02 00 00 48 8b 83 98 00 00 00 48 85
0x00007ff9f980a3b9:   c0 74 0e 48 3b f8 72 0e 48 3b bb a0 00 00 00 72
0x00007ff9f980a3c9:   77 48 3b f9 73 72 80 3d c2 d1 71 00 00 74 15 8b
0x00007ff9f980a3d9:   47 08 8b 0d 37 47 6d 00 48 d3 e0 48 03 05 25 47
0x00007ff9f980a3e9:   6d 00 eb 04 48 8b 47 08 81 78 08 00 00 00 c0 72
0x00007ff9f980a3f9:   35 48 8b 83 b0 00 00 00 48 39 83 a8 00 00 00 73
0x00007ff9f980a409:   10 48 8b 83 c8 00 00 00 48 39 83 c0 00 00 00 72
0x00007ff9f980a419:   27 48 8b cb e8 0e a4 00 00 b0 01 48 8b 5c 24 48
0x00007ff9f980a429:   48 83 c4 30 5f c3 48 8d 54 24 40 48 89 7c 24 40
0x00007ff9f980a439:   48 8b cb e8 ff 18 00 00 b0 01 48 8b 5c 24 48 48
0x00007ff9f980a449:   83 c4 30 5f c3 cc cc 48 89 5c 24 18 48 89 6c 24
0x00007ff9f980a459:   20 41 56 48 83 ec 20 49 8b d9 44 8b f2 48 8b e9
0x00007ff9f980a469:   4d 3b 88 60 01 00 00 72 13 32 c0 48 8b 5c 24 40
0x00007ff9f980a479:   48 8b 6c 24 48 48 83 c4 20 41 5e c3 48 8b 81 90
0x00007ff9f980a489:   00 00 00 48 8b d3 48 89 74 24 30 48 2b 10 8b 48
0x00007ff9f980a499:   10 48 c1 ea 03 48 d3 ea 48 8d 48 18 e8 c6 38 e3
0x00007ff9f980a4a9:   ff 0f b6 f0 84 c0 74 6f 48 89 7c 24 38 48 8b 7c
0x00007ff9f980a4b9:   24 50 48 85 ff 75 2d 40 38 3d d1 d0 71 00 74 15
0x00007ff9f980a4c9:   8b 53 08 8b 0d 46 46 6d 00 48 d3 e2 48 03 15 34
0x00007ff9f980a4d9:   46 6d 00 eb 04 48 8b 53 08 48 8b cb e8 f6 24 eb
0x00007ff9f980a4e9:   ff 48 63 f8 48 8b 85 f0 02 00 00 8b 0d be d6 71
0x00007ff9f980a4f9:   00 4a 8b 14 f0 48 8b 42 18 48 8b 40 10 48 2b d8
0x00007ff9f980a509:   48 d3 eb 48 8d 4a 38 8b d3 e8 c9 e4 ff ff 48 01
0x00007ff9f980a519:   78 08 48 8b 7c 24 38 48 8b 5c 24 40 40 0f b6 c6
0x00007ff9f980a529:   48 8b 74 24 30 48 8b 6c 24 48 48 83 c4 20 41 5e
0x00007ff9f980a539:   c3 cc cc cc cc cc cc 4c 8b 81 b8 02 00 00 48 8b
0x00007ff9f980a549:   81 a8 02 00 00 8b 91 c0 02 00 00 49 03 c0 8b ca
0x00007ff9f980a559:   48 d3 e0 49 d3 e0 49 2b c0 48 83 e0 f8 c3 cc cc 


Stack slot to memory mapping:
stack at sp + 0 slots: 0x000000000000002b is an unknown value
stack at sp + 1 slots: 0x0000000000000001 is an unknown value
stack at sp + 2 slots: 0x0000000100019a28 is a pointer to class: 
java.util.concurrent.ConcurrentMap {0x0000000100019a30}
stack at sp + 3 slots: 0x00007ff9f980a396 jvm.dll
stack at sp + 4 slots: 0x000002938e6ca501 points into unknown readable memory: 00 00 00 00 00 00 00
stack at sp + 5 slots: 0x00007ff9f980a396 jvm.dll
stack at sp + 6 slots: 0x000000f965aff468 points into unknown readable memory: 0x00007ff9f9d4ef20 | 20 ef d4 f9 f9 7f 00 00
stack at sp + 7 slots: 0x0000000082b833d8 is an oop: java.util.HashMap$Node 
{0x0000000082b833d8} - klass: 'java/util/HashMap$Node'


---------------  P R O C E S S  ---------------

Threads class SMR info:
_java_thread_list=0x00000293b4cc9530, length=61, elements={
0x000002938e68b000, 0x00000293a8a95800, 0x00000293a8a98000, 0x00000293a8ab2800,
0x00000293a8ab4800, 0x00000293a8ab5800, 0x00000293a8ab8000, 0x00000293a8b02800,
0x00000293a8b16000, 0x00000293a8c90000, 0x00000293aa34c800, 0x00000293a8d9b800,
0x00000293ab7fc800, 0x00000293aa9b6800, 0x00000293aa9b5000, 0x00000293aa9b7800,
0x00000293ab33f000, 0x00000293ab341800, 0x00000293ab342800, 0x00000293ab343000,
0x00000293ab33d800, 0x00000293ab349000, 0x00000293ab346800, 0x00000293af68d000,
0x00000293af692800, 0x00000293af694800, 0x00000293af697800, 0x00000293b299b800,
0x00000293b2999800, 0x00000293b2996800, 0x00000293b2998000, 0x00000293af695000,
0x00000293aa0a9000, 0x00000293b299e800, 0x00000293af690800, 0x00000293af68e800,
0x00000293af68e000, 0x00000293af692000, 0x00000293af691000, 0x00000293af68f800,
0x00000293af69b000, 0x00000293af69a000, 0x00000293af698800, 0x00000293af69b800,
0x00000293af697000, 0x00000293af696000, 0x00000293b299a800, 0x00000293aa2a3800,
0x00000293b299c000, 0x00000293b299d000, 0x00000293b2997800, 0x00000293b299e000,
0x00000293b2999000, 0x00000293b29a2000, 0x00000293b29a0000, 0x00000293b29a5000,
0x00000293b29a2800, 0x00000293b299f800, 0x00000293b29a1000, 0x00000293b29a3800,
0x00000293b29a4800
}

Java Threads: ( => current thread )
  0x000002938e68b000 JavaThread "main" [_thread_blocked, id=3516, stack(0x000000f965700000,0x000000f965800000)]
  0x00000293a8a95800 JavaThread "Reference Handler" daemon [_thread_blocked, id=7588, stack(0x000000f965e00000,0x000000f965f00000)]
  0x00000293a8a98000 JavaThread "Finalizer" daemon [_thread_blocked, id=13084, stack(0x000000f965f00000,0x000000f966000000)]
  0x00000293a8ab2800 JavaThread "Signal Dispatcher" daemon [_thread_blocked, id=2956, stack(0x000000f966000000,0x000000f966100000)]
  0x00000293a8ab4800 JavaThread "Attach Listener" daemon [_thread_blocked, id=6236, stack(0x000000f966100000,0x000000f966200000)]
  0x00000293a8ab5800 JavaThread "Service Thread" daemon [_thread_blocked, id=11688, stack(0x000000f966200000,0x000000f966300000)]
  0x00000293a8ab8000 JavaThread "C2 CompilerThread0" daemon [_thread_in_native, id=12956, stack(0x000000f966300000,0x000000f966400000)]
  0x00000293a8b02800 JavaThread "C1 CompilerThread0" daemon [_thread_blocked, id=11632, stack(0x000000f966400000,0x000000f966500000)]
  0x00000293a8b16000 JavaThread "Sweeper thread" daemon [_thread_blocked, id=10644, stack(0x000000f966500000,0x000000f966600000)]
  0x00000293a8c90000 JavaThread "Common-Cleaner" daemon [_thread_blocked, id=1928, stack(0x000000f966600000,0x000000f966700000)]
  0x00000293aa34c800 JavaThread "Daemon health stats" [_thread_blocked, id=10984, stack(0x000000f966c00000,0x000000f966d00000)]
  0x00000293a8d9b800 JavaThread "Incoming local TCP Connector on port 52381" [_thread_in_native, id=1708, stack(0x000000f966800000,0x000000f966900000)]
  0x00000293ab7fc800 JavaThread "Daemon periodic checks" [_thread_blocked, id=11576, stack(0x000000f966d00000,0x000000f966e00000)]
  0x00000293aa9b6800 JavaThread "Cache worker for file hash cache (C:\Users\oleg\.gradle\caches\7.0.2\fileHashes)" [_thread_blocked, id=13464, stack(0x000000f967600000,0x000000f967700000)]
  0x00000293aa9b5000 JavaThread "File lock request listener" [_thread_in_native, id=9072, stack(0x000000f967700000,0x000000f967800000)]
  0x00000293aa9b7800 JavaThread "Cache worker for journal cache (C:\Users\oleg\.gradle\caches\journal-1)" [_thread_blocked, id=2396, stack(0x000000f967800000,0x000000f967900000)]
  0x00000293ab33f000 JavaThread "File watcher server" daemon [_thread_in_native, id=14220, stack(0x000000f967a00000,0x000000f967b00000)]
  0x00000293ab341800 JavaThread "File watcher consumer" daemon [_thread_blocked, id=11648, stack(0x000000f967b00000,0x000000f967c00000)]
  0x00000293ab342800 JavaThread "Cache worker for execution history cache (C:\Users\oleg\.gradle\caches\7.0.2\executionHistory)" [_thread_blocked, id=3016, stack(0x000000f967f00000,0x000000f968000000)]
  0x00000293ab343000 JavaThread "jar transforms" [_thread_blocked, id=14308, stack(0x000000f968000000,0x000000f968100000)]
  0x00000293ab33d800 JavaThread "jar transforms Thread 2" [_thread_blocked, id=13068, stack(0x000000f968100000,0x000000f968200000)]
  0x00000293ab349000 JavaThread "Cache worker for file content cache (C:\Users\oleg\.gradle\caches\7.0.2\fileContent)" [_thread_blocked, id=9012, stack(0x000000f968200000,0x000000f968300000)]
  0x00000293ab346800 JavaThread "jar transforms Thread 3" [_thread_blocked, id=5124, stack(0x000000f968400000,0x000000f968500000)]
  0x00000293af68d000 JavaThread "jar transforms Thread 4" [_thread_blocked, id=8444, stack(0x000000f968a00000,0x000000f968b00000)]
  0x00000293af692800 JavaThread "Memory manager" [_thread_blocked, id=8588, stack(0x000000f968b00000,0x000000f968c00000)]
  0x00000293af694800 JavaThread "pool-3-thread-1" [_thread_blocked, id=11656, stack(0x000000f968e00000,0x000000f968f00000)]
  0x00000293af697800 JavaThread "RMI Scheduler(0)" daemon [_thread_blocked, id=10148, stack(0x000000f969800000,0x000000f969900000)]
  0x00000293b299b800 JavaThread "RMI GC Daemon" daemon [_thread_blocked, id=11452, stack(0x000000f969a00000,0x000000f969b00000)]
  0x00000293b2999800 JavaThread "RMI TCP Accept-0" daemon [_thread_in_native, id=400, stack(0x000000f969b00000,0x000000f969c00000)]
  0x00000293b2996800 JavaThread "RMI Reaper" [_thread_blocked, id=13140, stack(0x000000f969c00000,0x000000f969d00000)]
  0x00000293b2998000 JavaThread "Cache worker for Java compile cache (C:\Users\oleg\.gradle\caches\7.0.2\javaCompile)" [_thread_blocked, id=12872, stack(0x000000f969e00000,0x000000f969f00000)]
  0x00000293af695000 JavaThread "pool-8-thread-1" [_thread_blocked, id=4760, stack(0x000000f968c00000,0x000000f968d00000)]
  0x00000293aa0a9000 JavaThread "ForkJoinPool.commonPool-worker-3" daemon [_thread_blocked, id=6476, stack(0x000000f96a400000,0x000000f96a500000)]
  0x00000293b299e800 JavaThread "pool-13-thread-1" [_thread_blocked, id=11060, stack(0x000000f968f00000,0x000000f969000000)]
  0x00000293af690800 JavaThread "Daemon Thread 4" [_thread_blocked, id=2844, stack(0x000000f965500000,0x000000f965600000)]
  0x00000293af68e800 JavaThread "Handler for socket connection from /127.0.0.1:52381 to /127.0.0.1:53695" [_thread_in_native, id=2204, stack(0x000000f965600000,0x000000f965700000)]
  0x00000293af68e000 JavaThread "Cancel handler" [_thread_blocked, id=8672, stack(0x000000f966e00000,0x000000f966f00000)]
  0x00000293af692000 JavaThread "Daemon worker Thread 4" [_thread_blocked, id=2872, stack(0x000000f966f00000,0x000000f967000000)]
  0x00000293af691000 JavaThread "Asynchronous log dispatcher for DefaultDaemonConnection: socket connection from /127.0.0.1:52381 to /127.0.0.1:53695" [_thread_blocked, id=12032, stack(0x000000f967000000,0x000000f967100000)]
  0x00000293af68f800 JavaThread "Stdin handler" [_thread_blocked, id=8576, stack(0x000000f967100000,0x000000f967200000)]
  0x00000293af69b000 JavaThread "Daemon client event forwarder" [_thread_blocked, id=4084, stack(0x000000f967200000,0x000000f967300000)]
  0x00000293af69a000 JavaThread "Cache worker for file hash cache (C:\Users\oleg\AndroidStudioProjects\MovieSearchApp\.gradle\7.0.2\fileHashes)" [_thread_blocked, id=10804, stack(0x000000f967300000,0x000000f967400000)]
  0x00000293af698800 JavaThread "Cache worker for checksums cache (C:\Users\oleg\AndroidStudioProjects\MovieSearchApp\.gradle\checksums)" [_thread_blocked, id=9172, stack(0x000000f967400000,0x000000f967500000)]
  0x00000293af69b800 JavaThread "Cache worker for cache directory md-supplier (C:\Users\oleg\.gradle\caches\7.0.2\md-supplier)" [_thread_blocked, id=1804, stack(0x000000f967500000,0x000000f967600000)]
  0x00000293af697000 JavaThread "Cache worker for cache directory md-rule (C:\Users\oleg\.gradle\caches\7.0.2\md-rule)" [_thread_blocked, id=7500, stack(0x000000f967900000,0x000000f967a00000)]
  0x00000293af696000 JavaThread "Cache worker for dependencies-accessors (C:\Users\oleg\AndroidStudioProjects\MovieSearchApp\.gradle\7.0.2\dependencies-accessors)" [_thread_blocked, id=9540, stack(0x000000f967c00000,0x000000f967d00000)]
  0x00000293b299a800 JavaThread "Cache worker for Build Output Cleanup Cache (C:\Users\oleg\AndroidStudioProjects\MovieSearchApp\.gradle\buildOutputCleanup)" [_thread_blocked, id=5248, stack(0x000000f967d00000,0x000000f967e00000)]
  0x00000293aa2a3800 JavaThread "C2 CompilerThread1" daemon [_thread_in_native, id=8252, stack(0x000000f967e00000,0x000000f967f00000)]
  0x00000293b299c000 JavaThread "Build operations" [_thread_blocked, id=7940, stack(0x000000f968300000,0x000000f968400000)]
  0x00000293b299d000 JavaThread "Build operations Thread 2" [_thread_blocked, id=7928, stack(0x000000f968500000,0x000000f968600000)]
  0x00000293b2997800 JavaThread "Build operations Thread 3" [_thread_blocked, id=11888, stack(0x000000f968600000,0x000000f968700000)]
  0x00000293b299e000 JavaThread "Build operations Thread 4" [_thread_blocked, id=1092, stack(0x000000f968700000,0x000000f968800000)]
  0x00000293b2999000 JavaThread "build event listener" [_thread_blocked, id=8684, stack(0x000000f968800000,0x000000f968900000)]
  0x00000293b29a2000 JavaThread "build event listener" [_thread_blocked, id=3816, stack(0x000000f968900000,0x000000f968a00000)]
  0x00000293b29a0000 JavaThread "pool-16-thread-1" [_thread_blocked, id=6544, stack(0x000000f968d00000,0x000000f968e00000)]
  0x00000293b29a5000 JavaThread "build event listener" [_thread_blocked, id=6876, stack(0x000000f969000000,0x000000f969100000)]
  0x00000293b29a2800 JavaThread "Execution worker for ':'" [_thread_in_native, id=10848, stack(0x000000f969100000,0x000000f969200000)]
  0x00000293b299f800 JavaThread "Execution worker for ':' Thread 2" [_thread_blocked, id=1492, stack(0x000000f969200000,0x000000f969300000)]
  0x00000293b29a1000 JavaThread "Execution worker for ':' Thread 3" [_thread_blocked, id=10928, stack(0x000000f969300000,0x000000f969400000)]
  0x00000293b29a3800 JavaThread "Cache worker for execution history cache (C:\Users\oleg\AndroidStudioProjects\MovieSearchApp\.gradle\7.0.2\executionHistory)" [_thread_blocked, id=13740, stack(0x000000f969400000,0x000000f969500000)]
  0x00000293b29a4800 JavaThread "WorkerExecutor Queue" [_thread_blocked, id=4768, stack(0x000000f969500000,0x000000f969600000)]

Other Threads:
  0x00000293a826d800 VMThread "VM Thread" [stack: 0x000000f965d00000,0x000000f965e00000] [id=4504]
  0x00000293a8cd4000 WatcherThread [stack: 0x000000f966700000,0x000000f966800000] [id=10020]
  0x000002938e6a3800 GCTaskThread "GC Thread#0" [stack: 0x000000f965800000,0x000000f965900000] [id=11404]
  0x00000293a9828000 GCTaskThread "GC Thread#1" [stack: 0x000000f966900000,0x000000f966a00000] [id=11840]
  0x00000293a9828800 GCTaskThread "GC Thread#2" [stack: 0x000000f966a00000,0x000000f966b00000] [id=2488]
  0x00000293a93b8000 GCTaskThread "GC Thread#3" [stack: 0x000000f966b00000,0x000000f966c00000] [id=6360]
  0x000002938e6c9000 ConcurrentGCThread "G1 Main Marker" [stack: 0x000000f965900000,0x000000f965a00000] [id=3068]
=>0x000002938e6ca000 ConcurrentGCThread "G1 Conc#0" [stack: 0x000000f965a00000,0x000000f965b00000] [id=8132]
  0x00000293a80df000 ConcurrentGCThread "G1 Refine#0" [stack: 0x000000f965b00000,0x000000f965c00000] [id=8244]
  0x00000293a80e0000 ConcurrentGCThread "G1 Young RemSet Sampling" [stack: 0x000000f965c00000,0x000000f965d00000] [id=7404]

Threads with active compile tasks:
C2 CompilerThread04419716 21351       4       com.android.utils.XmlUtils::append (647 bytes)
C2 CompilerThread14419716 21350       4       com.android.ide.common.resources.NodeUtils::duplicateNode (315 bytes)

VM state:not at safepoint (normal execution)

VM Mutex/Monitor currently owned by a thread: None

Heap address: 0x0000000080000000, size: 2048 MB, Compressed Oops mode: 32-bit
Narrow klass base: 0x0000000000000000, Narrow klass shift: 3
Compressed class space size: 1073741824 Address: 0x0000000100000000

Heap:
 garbage-first heap   total 275456K, used 145790K [0x0000000080000000, 0x0000000100000000)
  region size 1024K, 10 young (10240K), 7 survivors (7168K)
 Metaspace       used 131589K, capacity 134925K, committed 135036K, reserved 1167360K
  class space    used 16410K, capacity 17633K, committed 17636K, reserved 1048576K
Heap Regions: E=young(eden), S=young(survivor), O=old, HS=humongous(starts), HC=humongous(continues), CS=collection set, F=free, A=archive, TAMS=top-at-mark-start (previous, next)
|   0|0x0000000080000000, 0x0000000080100000, 0x0000000080100000|100%| O|  |TAMS 0x0000000080100000, 0x0000000080100000| Untracked 
|   1|0x0000000080100000, 0x0000000080200000, 0x0000000080200000|100%| O|  |TAMS 0x0000000080200000, 0x0000000080200000| Untracked 
|   2|0x0000000080200000, 0x0000000080300000, 0x0000000080300000|100%| O|  |TAMS 0x0000000080300000, 0x0000000080300000| Untracked 
|   3|0x0000000080300000, 0x0000000080400000, 0x0000000080400000|100%|HS|  |TAMS 0x0000000080400000, 0x0000000080400000| Complete 
|   4|0x0000000080400000, 0x0000000080500000, 0x0000000080500000|100%|HC|  |TAMS 0x0000000080500000, 0x0000000080500000| Complete 
|   5|0x0000000080500000, 0x0000000080600000, 0x0000000080600000|100%|HC|  |TAMS 0x0000000080600000, 0x0000000080600000| Complete 
|   6|0x0000000080600000, 0x0000000080700000, 0x0000000080700000|100%| O|  |TAMS 0x0000000080700000, 0x0000000080700000| Untracked 
|   7|0x0000000080700000, 0x0000000080800000, 0x0000000080800000|100%| O|  |TAMS 0x0000000080800000, 0x0000000080800000| Untracked 
|   8|0x0000000080800000, 0x0000000080900000, 0x0000000080900000|100%| O|  |TAMS 0x0000000080900000, 0x0000000080900000| Untracked 
|   9|0x0000000080900000, 0x0000000080a00000, 0x0000000080a00000|100%| O|  |TAMS 0x0000000080a00000, 0x0000000080a00000| Untracked 
|  10|0x0000000080a00000, 0x0000000080b00000, 0x0000000080b00000|100%| O|  |TAMS 0x0000000080b00000, 0x0000000080b00000| Untracked 
|  11|0x0000000080b00000, 0x0000000080c00000, 0x0000000080c00000|100%| O|  |TAMS 0x0000000080c00000, 0x0000000080c00000| Untracked 
|  12|0x0000000080c00000, 0x0000000080d00000, 0x0000000080d00000|100%| O|  |TAMS 0x0000000080d00000, 0x0000000080d00000| Untracked 
|  13|0x0000000080d00000, 0x0000000080e00000, 0x0000000080e00000|100%| O|  |TAMS 0x0000000080e00000, 0x0000000080e00000| Untracked 
|  14|0x0000000080e00000, 0x0000000080f00000, 0x0000000080f00000|100%| O|  |TAMS 0x0000000080f00000, 0x0000000080f00000| Untracked 
|  15|0x0000000080f00000, 0x0000000081000000, 0x0000000081000000|100%| O|  |TAMS 0x0000000081000000, 0x0000000081000000| Untracked 
|  16|0x0000000081000000, 0x0000000081100000, 0x0000000081100000|100%|HS|  |TAMS 0x0000000081100000, 0x0000000081100000| Complete 
|  17|0x0000000081100000, 0x0000000081200000, 0x0000000081200000|100%|HS|  |TAMS 0x0000000081200000, 0x0000000081200000| Complete 
|  18|0x0000000081200000, 0x0000000081300000, 0x0000000081300000|100%|HS|  |TAMS 0x0000000081300000, 0x0000000081300000| Complete 
|  19|0x0000000081300000, 0x0000000081400000, 0x0000000081400000|100%|HS|  |TAMS 0x0000000081400000, 0x0000000081400000| Complete 
|  20|0x0000000081400000, 0x0000000081500000, 0x0000000081500000|100%|HC|  |TAMS 0x0000000081500000, 0x0000000081500000| Complete 
|  21|0x0000000081500000, 0x0000000081600000, 0x0000000081600000|100%|HC|  |TAMS 0x0000000081600000, 0x0000000081600000| Complete 
|  22|0x0000000081600000, 0x0000000081700000, 0x0000000081700000|100%|HS|  |TAMS 0x0000000081700000, 0x0000000081700000| Complete 
|  23|0x0000000081700000, 0x0000000081800000, 0x0000000081800000|100%|HC|  |TAMS 0x0000000081800000, 0x0000000081800000| Complete 
|  24|0x0000000081800000, 0x0000000081900000, 0x0000000081900000|100%| O|  |TAMS 0x0000000081900000, 0x0000000081900000| Untracked 
|  25|0x0000000081900000, 0x0000000081a00000, 0x0000000081a00000|100%| O|  |TAMS 0x0000000081a00000, 0x0000000081a00000| Untracked 
|  26|0x0000000081a00000, 0x0000000081b00000, 0x0000000081b00000|100%| O|  |TAMS 0x0000000081b00000, 0x0000000081b00000| Untracked 
|  27|0x0000000081b00000, 0x0000000081c00000, 0x0000000081c00000|100%| O|  |TAMS 0x0000000081c00000, 0x0000000081c00000| Untracked 
|  28|0x0000000081c00000, 0x0000000081d00000, 0x0000000081d00000|100%| O|  |TAMS 0x0000000081d00000, 0x0000000081d00000| Untracked 
|  29|0x0000000081d00000, 0x0000000081e00000, 0x0000000081e00000|100%| O|  |TAMS 0x0000000081e00000, 0x0000000081e00000| Untracked 
|  30|0x0000000081e00000, 0x0000000081f00000, 0x0000000081f00000|100%| O|  |TAMS 0x0000000081f00000, 0x0000000081f00000| Untracked 
|  31|0x0000000081f00000, 0x0000000082000000, 0x0000000082000000|100%| O|  |TAMS 0x0000000082000000, 0x0000000082000000| Untracked 
|  32|0x0000000082000000, 0x0000000082100000, 0x0000000082100000|100%| O|  |TAMS 0x0000000082100000, 0x0000000082100000| Untracked 
|  33|0x0000000082100000, 0x0000000082200000, 0x0000000082200000|100%| O|  |TAMS 0x0000000082200000, 0x0000000082200000| Untracked 
|  34|0x0000000082200000, 0x0000000082300000, 0x0000000082300000|100%| O|  |TAMS 0x0000000082300000, 0x0000000082300000| Untracked 
|  35|0x0000000082300000, 0x0000000082400000, 0x0000000082400000|100%| O|  |TAMS 0x0000000082400000, 0x0000000082400000| Untracked 
|  36|0x0000000082400000, 0x0000000082500000, 0x0000000082500000|100%| O|  |TAMS 0x0000000082500000, 0x0000000082500000| Untracked 
|  37|0x0000000082500000, 0x0000000082600000, 0x0000000082600000|100%| O|  |TAMS 0x0000000082600000, 0x0000000082600000| Untracked 
|  38|0x0000000082600000, 0x0000000082700000, 0x0000000082700000|100%| O|  |TAMS 0x0000000082700000, 0x0000000082700000| Untracked 
|  39|0x0000000082700000, 0x0000000082800000, 0x0000000082800000|100%| O|  |TAMS 0x0000000082800000, 0x0000000082800000| Untracked 
|  40|0x0000000082800000, 0x0000000082900000, 0x0000000082900000|100%| O|  |TAMS 0x0000000082900000, 0x0000000082900000| Untracked 
|  41|0x0000000082900000, 0x0000000082a00000, 0x0000000082a00000|100%| O|  |TAMS 0x0000000082a00000, 0x0000000082a00000| Untracked 
|  42|0x0000000082a00000, 0x0000000082b00000, 0x0000000082b00000|100%| O|  |TAMS 0x0000000082b00000, 0x0000000082b00000| Untracked 
|  43|0x0000000082b00000, 0x0000000082c00000, 0x0000000082c00000|100%| O|  |TAMS 0x0000000082c00000, 0x0000000082c00000| Untracked 
|  44|0x0000000082c00000, 0x0000000082d00000, 0x0000000082d00000|100%| O|  |TAMS 0x0000000082d00000, 0x0000000082d00000| Untracked 
|  45|0x0000000082d00000, 0x0000000082e00000, 0x0000000082e00000|100%| O|  |TAMS 0x0000000082e00000, 0x0000000082e00000| Untracked 
|  46|0x0000000082e00000, 0x0000000082f00000, 0x0000000082f00000|100%| O|  |TAMS 0x0000000082f00000, 0x0000000082f00000| Untracked 
|  47|0x0000000082f00000, 0x0000000083000000, 0x0000000083000000|100%| O|  |TAMS 0x0000000083000000, 0x0000000083000000| Untracked 
|  48|0x0000000083000000, 0x0000000083100000, 0x0000000083100000|100%| O|  |TAMS 0x0000000083100000, 0x0000000083100000| Untracked 
|  49|0x0000000083100000, 0x0000000083200000, 0x0000000083200000|100%| O|  |TAMS 0x0000000083200000, 0x0000000083200000| Untracked 
|  50|0x0000000083200000, 0x0000000083300000, 0x0000000083300000|100%| O|  |TAMS 0x0000000083300000, 0x0000000083300000| Untracked 
|  51|0x0000000083300000, 0x0000000083400000, 0x0000000083400000|100%| O|  |TAMS 0x0000000083400000, 0x0000000083400000| Untracked 
|  52|0x0000000083400000, 0x0000000083500000, 0x0000000083500000|100%| O|  |TAMS 0x0000000083500000, 0x0000000083500000| Untracked 
|  53|0x0000000083500000, 0x0000000083600000, 0x0000000083600000|100%| O|  |TAMS 0x0000000083600000, 0x0000000083600000| Untracked 
|  54|0x0000000083600000, 0x0000000083700000, 0x0000000083700000|100%| O|  |TAMS 0x0000000083700000, 0x0000000083700000| Untracked 
|  55|0x0000000083700000, 0x0000000083800000, 0x0000000083800000|100%| O|  |TAMS 0x0000000083800000, 0x0000000083800000| Untracked 
|  56|0x0000000083800000, 0x0000000083900000, 0x0000000083900000|100%| O|  |TAMS 0x0000000083900000, 0x0000000083900000| Untracked 
|  57|0x0000000083900000, 0x0000000083a00000, 0x0000000083a00000|100%| O|  |TAMS 0x0000000083a00000, 0x0000000083a00000| Untracked 
|  58|0x0000000083a00000, 0x0000000083b00000, 0x0000000083b00000|100%| O|  |TAMS 0x0000000083b00000, 0x0000000083b00000| Untracked 
|  59|0x0000000083b00000, 0x0000000083c00000, 0x0000000083c00000|100%| O|  |TAMS 0x0000000083c00000, 0x0000000083c00000| Untracked 
|  60|0x0000000083c00000, 0x0000000083d00000, 0x0000000083d00000|100%| O|  |TAMS 0x0000000083d00000, 0x0000000083d00000| Untracked 
|  61|0x0000000083d00000, 0x0000000083e00000, 0x0000000083e00000|100%| O|  |TAMS 0x0000000083e00000, 0x0000000083e00000| Untracked 
|  62|0x0000000083e00000, 0x0000000083f00000, 0x0000000083f00000|100%| O|  |TAMS 0x0000000083f00000, 0x0000000083f00000| Untracked 
|  63|0x0000000083f00000, 0x0000000084000000, 0x0000000084000000|100%| O|  |TAMS 0x0000000084000000, 0x0000000084000000| Untracked 
|  64|0x0000000084000000, 0x0000000084100000, 0x0000000084100000|100%| O|  |TAMS 0x0000000084100000, 0x0000000084100000| Untracked 
|  65|0x0000000084100000, 0x0000000084200000, 0x0000000084200000|100%| O|  |TAMS 0x0000000084200000, 0x0000000084200000| Untracked 
|  66|0x0000000084200000, 0x0000000084300000, 0x0000000084300000|100%| O|  |TAMS 0x0000000084300000, 0x0000000084300000| Untracked 
|  67|0x0000000084300000, 0x0000000084400000, 0x0000000084400000|100%| O|  |TAMS 0x0000000084400000, 0x0000000084400000| Untracked 
|  68|0x0000000084400000, 0x0000000084500000, 0x0000000084500000|100%| O|  |TAMS 0x0000000084500000, 0x0000000084500000| Untracked 
|  69|0x0000000084500000, 0x0000000084600000, 0x0000000084600000|100%| O|  |TAMS 0x0000000084600000, 0x0000000084600000| Untracked 
|  70|0x0000000084600000, 0x0000000084700000, 0x0000000084700000|100%| O|  |TAMS 0x0000000084700000, 0x0000000084700000| Untracked 
|  71|0x0000000084700000, 0x0000000084800000, 0x0000000084800000|100%| O|  |TAMS 0x0000000084800000, 0x0000000084800000| Untracked 
|  72|0x0000000084800000, 0x0000000084900000, 0x0000000084900000|100%| O|  |TAMS 0x0000000084800000, 0x0000000084900000| Untracked 
|  73|0x0000000084900000, 0x0000000084a00000, 0x0000000084a00000|100%| O|  |TAMS 0x0000000084a00000, 0x0000000084a00000| Untracked 
|  74|0x0000000084a00000, 0x0000000084b00000, 0x0000000084b00000|100%| O|  |TAMS 0x0000000084b00000, 0x0000000084b00000| Untracked 
|  75|0x0000000084b00000, 0x0000000084c00000, 0x0000000084c00000|100%| O|  |TAMS 0x0000000084c00000, 0x0000000084c00000| Untracked 
|  76|0x0000000084c00000, 0x0000000084d00000, 0x0000000084d00000|100%| O|  |TAMS 0x0000000084d00000, 0x0000000084d00000| Untracked 
|  77|0x0000000084d00000, 0x0000000084e00000, 0x0000000084e00000|100%| O|  |TAMS 0x0000000084e00000, 0x0000000084e00000| Untracked 
|  78|0x0000000084e00000, 0x0000000084f00000, 0x0000000084f00000|100%| O|  |TAMS 0x0000000084f00000, 0x0000000084f00000| Untracked 
|  79|0x0000000084f00000, 0x0000000085000000, 0x0000000085000000|100%| O|  |TAMS 0x0000000085000000, 0x0000000085000000| Untracked 
|  80|0x0000000085000000, 0x0000000085000000, 0x0000000085100000|  0%| F|  |TAMS 0x0000000085000000, 0x0000000085000000| Untracked 
|  81|0x0000000085100000, 0x0000000085200000, 0x0000000085200000|100%| O|  |TAMS 0x0000000085100000, 0x0000000085200000| Untracked 
|  82|0x0000000085200000, 0x0000000085300000, 0x0000000085300000|100%| O|  |TAMS 0x0000000085300000, 0x0000000085300000| Untracked 
|  83|0x0000000085300000, 0x0000000085400000, 0x0000000085400000|100%| O|  |TAMS 0x0000000085400000, 0x0000000085400000| Untracked 
|  84|0x0000000085400000, 0x0000000085500000, 0x0000000085500000|100%| O|  |TAMS 0x0000000085500000, 0x0000000085500000| Untracked 
|  85|0x0000000085500000, 0x0000000085600000, 0x0000000085600000|100%| O|  |TAMS 0x0000000085600000, 0x0000000085600000| Untracked 
|  86|0x0000000085600000, 0x0000000085700000, 0x0000000085700000|100%| O|  |TAMS 0x0000000085700000, 0x0000000085700000| Untracked 
|  87|0x0000000085700000, 0x0000000085800000, 0x0000000085800000|100%| O|  |TAMS 0x0000000085800000, 0x0000000085800000| Untracked 
|  88|0x0000000085800000, 0x0000000085900000, 0x0000000085900000|100%| O|  |TAMS 0x0000000085900000, 0x0000000085900000| Untracked 
|  89|0x0000000085900000, 0x0000000085a00000, 0x0000000085a00000|100%| O|  |TAMS 0x0000000085a00000, 0x0000000085a00000| Untracked 
|  90|0x0000000085a00000, 0x0000000085b00000, 0x0000000085b00000|100%| O|  |TAMS 0x0000000085b00000, 0x0000000085b00000| Untracked 
|  91|0x0000000085b00000, 0x0000000085c00000, 0x0000000085c00000|100%| O|  |TAMS 0x0000000085c00000, 0x0000000085c00000| Untracked 
|  92|0x0000000085c00000, 0x0000000085d00000, 0x0000000085d00000|100%| O|  |TAMS 0x0000000085d00000, 0x0000000085d00000| Untracked 
|  93|0x0000000085d00000, 0x0000000085e00000, 0x0000000085e00000|100%| O|  |TAMS 0x0000000085d00000, 0x0000000085e00000| Untracked 
|  94|0x0000000085e00000, 0x0000000085f00000, 0x0000000085f00000|100%| O|  |TAMS 0x0000000085e00000, 0x0000000085f00000| Untracked 
|  95|0x0000000085f00000, 0x0000000086000000, 0x0000000086000000|100%| O|  |TAMS 0x0000000085f00000, 0x0000000086000000| Untracked 
|  96|0x0000000086000000, 0x0000000086100000, 0x0000000086100000|100%| O|  |TAMS 0x0000000086100000, 0x0000000086100000| Untracked 
|  97|0x0000000086100000, 0x0000000086100000, 0x0000000086200000|  0%| F|  |TAMS 0x0000000086100000, 0x0000000086100000| Untracked 
|  98|0x0000000086200000, 0x0000000086200000, 0x0000000086300000|  0%| F|  |TAMS 0x0000000086200000, 0x0000000086200000| Untracked 
|  99|0x0000000086300000, 0x0000000086400000, 0x0000000086400000|100%|HS|  |TAMS 0x0000000086300000, 0x0000000086400000| Complete 
| 100|0x0000000086400000, 0x0000000086500000, 0x0000000086500000|100%|HC|  |TAMS 0x0000000086400000, 0x0000000086500000| Complete 
| 101|0x0000000086500000, 0x0000000086600000, 0x0000000086600000|100%|HC|  |TAMS 0x0000000086500000, 0x0000000086600000| Complete 
| 102|0x0000000086600000, 0x0000000086700000, 0x0000000086700000|100%|HC|  |TAMS 0x0000000086600000, 0x0000000086700000| Complete 
| 103|0x0000000086700000, 0x0000000086700000, 0x0000000086800000|  0%| F|  |TAMS 0x0000000086700000, 0x0000000086700000| Untracked 
| 104|0x0000000086800000, 0x0000000086800000, 0x0000000086900000|  0%| F|  |TAMS 0x0000000086800000, 0x0000000086800000| Untracked 
| 105|0x0000000086900000, 0x0000000086a00000, 0x0000000086a00000|100%| O|  |TAMS 0x0000000086900000, 0x0000000086a00000| Untracked 
| 106|0x0000000086a00000, 0x0000000086b00000, 0x0000000086b00000|100%| O|  |TAMS 0x0000000086b00000, 0x0000000086b00000| Untracked 
| 107|0x0000000086b00000, 0x0000000086c00000, 0x0000000086c00000|100%| O|  |TAMS 0x0000000086c00000, 0x0000000086c00000| Untracked 
| 108|0x0000000086c00000, 0x0000000086d00000, 0x0000000086d00000|100%| O|  |TAMS 0x0000000086c00000, 0x0000000086d00000| Untracked 
| 109|0x0000000086d00000, 0x0000000086e00000, 0x0000000086e00000|100%| O|  |TAMS 0x0000000086d00000, 0x0000000086e00000| Untracked 
| 110|0x0000000086e00000, 0x0000000086f00000, 0x0000000086f00000|100%| O|  |TAMS 0x0000000086e00000, 0x0000000086f00000| Untracked 
| 111|0x0000000086f00000, 0x0000000087000000, 0x0000000087000000|100%| O|  |TAMS 0x0000000087000000, 0x0000000087000000| Untracked 
| 112|0x0000000087000000, 0x0000000087100000, 0x0000000087100000|100%| O|  |TAMS 0x0000000087100000, 0x0000000087100000| Untracked 
| 113|0x0000000087100000, 0x0000000087200000, 0x0000000087200000|100%| O|  |TAMS 0x0000000087200000, 0x0000000087200000| Untracked 
| 114|0x0000000087200000, 0x0000000087300000, 0x0000000087300000|100%| O|  |TAMS 0x0000000087300000, 0x0000000087300000| Untracked 
| 115|0x0000000087300000, 0x0000000087400000, 0x0000000087400000|100%| O|  |TAMS 0x000000008738a600, 0x0000000087400000| Untracked 
| 116|0x0000000087400000, 0x0000000087500000, 0x0000000087500000|100%| O|  |TAMS 0x0000000087400000, 0x0000000087500000| Untracked 
| 117|0x0000000087500000, 0x0000000087600000, 0x0000000087600000|100%| O|  |TAMS 0x0000000087600000, 0x0000000087600000| Untracked 
| 118|0x0000000087600000, 0x0000000087700000, 0x0000000087700000|100%| O|  |TAMS 0x0000000087700000, 0x0000000087700000| Untracked 
| 119|0x0000000087700000, 0x0000000087800000, 0x0000000087800000|100%| O|  |TAMS 0x0000000087800000, 0x0000000087800000| Untracked 
| 120|0x0000000087800000, 0x0000000087900000, 0x0000000087900000|100%| O|  |TAMS 0x0000000087900000, 0x0000000087900000| Untracked 
| 121|0x0000000087900000, 0x0000000087a00000, 0x0000000087a00000|100%| O|  |TAMS 0x0000000087900000, 0x0000000087a00000| Untracked 
| 122|0x0000000087a00000, 0x0000000087b00000, 0x0000000087b00000|100%| O|  |TAMS 0x0000000087a00000, 0x0000000087b00000| Untracked 
| 123|0x0000000087b00000, 0x0000000087c00000, 0x0000000087c00000|100%| O|  |TAMS 0x0000000087b00000, 0x0000000087c00000| Untracked 
| 124|0x0000000087c00000, 0x0000000087d00000, 0x0000000087d00000|100%| O|  |TAMS 0x0000000087d00000, 0x0000000087d00000| Untracked 
| 125|0x0000000087d00000, 0x0000000087e00000, 0x0000000087e00000|100%| O|  |TAMS 0x0000000087d00000, 0x0000000087e00000| Untracked 
| 126|0x0000000087e00000, 0x0000000087f00000, 0x0000000087f00000|100%| O|  |TAMS 0x0000000087f00000, 0x0000000087f00000| Untracked 
| 127|0x0000000087f00000, 0x0000000088000000, 0x0000000088000000|100%| O|  |TAMS 0x0000000088000000, 0x0000000088000000| Untracked 
| 128|0x0000000088000000, 0x0000000088100000, 0x0000000088100000|100%| O|  |TAMS 0x0000000088100000, 0x0000000088100000| Untracked 
| 129|0x0000000088100000, 0x0000000088200000, 0x0000000088200000|100%| O|  |TAMS 0x0000000088100000, 0x0000000088200000| Untracked 
| 130|0x0000000088200000, 0x0000000088300000, 0x0000000088300000|100%| O|  |TAMS 0x0000000088200000, 0x0000000088300000| Untracked 
| 131|0x0000000088300000, 0x0000000088400000, 0x0000000088400000|100%| O|  |TAMS 0x0000000088300000, 0x0000000088400000| Untracked 
| 132|0x0000000088400000, 0x000000008845fa00, 0x0000000088500000| 37%| O|  |TAMS 0x0000000088400000, 0x000000008845fa00| Untracked 
| 133|0x0000000088500000, 0x0000000088600000, 0x0000000088600000|100%|HS|  |TAMS 0x0000000088500000, 0x0000000088500000| Complete 
| 134|0x0000000088600000, 0x0000000088700000, 0x0000000088700000|100%|HC|  |TAMS 0x0000000088600000, 0x0000000088600000| Complete 
| 135|0x0000000088700000, 0x0000000088800000, 0x0000000088800000|100%|HC|  |TAMS 0x0000000088700000, 0x0000000088700000| Complete 
| 136|0x0000000088800000, 0x0000000088900000, 0x0000000088900000|100%|HS|  |TAMS 0x0000000088800000, 0x0000000088800000| Complete 
| 137|0x0000000088900000, 0x0000000088a00000, 0x0000000088a00000|100%|HC|  |TAMS 0x0000000088900000, 0x0000000088900000| Complete 
| 138|0x0000000088a00000, 0x0000000088b00000, 0x0000000088b00000|100%|HC|  |TAMS 0x0000000088a00000, 0x0000000088a00000| Complete 
| 139|0x0000000088b00000, 0x0000000088b00000, 0x0000000088c00000|  0%| F|  |TAMS 0x0000000088b00000, 0x0000000088b00000| Untracked 
| 140|0x0000000088c00000, 0x0000000088c00000, 0x0000000088d00000|  0%| F|  |TAMS 0x0000000088c00000, 0x0000000088c00000| Untracked 
| 141|0x0000000088d00000, 0x0000000088d00000, 0x0000000088e00000|  0%| F|  |TAMS 0x0000000088d00000, 0x0000000088d00000| Untracked 
| 142|0x0000000088e00000, 0x0000000088e00000, 0x0000000088f00000|  0%| F|  |TAMS 0x0000000088e00000, 0x0000000088e00000| Untracked 
| 143|0x0000000088f00000, 0x0000000088f00000, 0x0000000089000000|  0%| F|  |TAMS 0x0000000088f00000, 0x0000000088f00000| Untracked 
| 144|0x0000000089000000, 0x0000000089000000, 0x0000000089100000|  0%| F|  |TAMS 0x0000000089000000, 0x0000000089000000| Untracked 
| 145|0x0000000089100000, 0x0000000089100000, 0x0000000089200000|  0%| F|  |TAMS 0x0000000089100000, 0x0000000089100000| Untracked 
| 146|0x0000000089200000, 0x0000000089200000, 0x0000000089300000|  0%| F|  |TAMS 0x0000000089200000, 0x0000000089200000| Untracked 
| 147|0x0000000089300000, 0x0000000089300000, 0x0000000089400000|  0%| F|  |TAMS 0x0000000089300000, 0x0000000089300000| Untracked 
| 148|0x0000000089400000, 0x0000000089400000, 0x0000000089500000|  0%| F|  |TAMS 0x0000000089400000, 0x0000000089400000| Untracked 
| 149|0x0000000089500000, 0x0000000089500000, 0x0000000089600000|  0%| F|  |TAMS 0x0000000089500000, 0x0000000089500000| Untracked 
| 150|0x0000000089600000, 0x0000000089600000, 0x0000000089700000|  0%| F|  |TAMS 0x0000000089600000, 0x0000000089600000| Untracked 
| 151|0x0000000089700000, 0x0000000089700000, 0x0000000089800000|  0%| F|  |TAMS 0x0000000089700000, 0x0000000089700000| Untracked 
| 152|0x0000000089800000, 0x0000000089800000, 0x0000000089900000|  0%| F|  |TAMS 0x0000000089800000, 0x0000000089800000| Untracked 
| 153|0x0000000089900000, 0x0000000089900000, 0x0000000089a00000|  0%| F|  |TAMS 0x0000000089900000, 0x0000000089900000| Untracked 
| 154|0x0000000089a00000, 0x0000000089a00000, 0x0000000089b00000|  0%| F|  |TAMS 0x0000000089a00000, 0x0000000089a00000| Untracked 
| 155|0x0000000089b00000, 0x0000000089b00000, 0x0000000089c00000|  0%| F|  |TAMS 0x0000000089b00000, 0x0000000089b00000| Untracked 
| 156|0x0000000089c00000, 0x0000000089c00000, 0x0000000089d00000|  0%| F|  |TAMS 0x0000000089c00000, 0x0000000089c00000| Untracked 
| 157|0x0000000089d00000, 0x0000000089d00000, 0x0000000089e00000|  0%| F|  |TAMS 0x0000000089d00000, 0x0000000089d00000| Untracked 
| 158|0x0000000089e00000, 0x0000000089e00000, 0x0000000089f00000|  0%| F|  |TAMS 0x0000000089e00000, 0x0000000089e00000| Untracked 
| 159|0x0000000089f00000, 0x0000000089f00000, 0x000000008a000000|  0%| F|  |TAMS 0x0000000089f00000, 0x0000000089f00000| Untracked 
| 160|0x000000008a000000, 0x000000008a000000, 0x000000008a100000|  0%| F|  |TAMS 0x000000008a000000, 0x000000008a000000| Untracked 
| 161|0x000000008a100000, 0x000000008a100000, 0x000000008a200000|  0%| F|  |TAMS 0x000000008a100000, 0x000000008a100000| Untracked 
| 162|0x000000008a200000, 0x000000008a200000, 0x000000008a300000|  0%| F|  |TAMS 0x000000008a200000, 0x000000008a200000| Untracked 
| 163|0x000000008a300000, 0x000000008a300000, 0x000000008a400000|  0%| F|  |TAMS 0x000000008a300000, 0x000000008a300000| Untracked 
| 164|0x000000008a400000, 0x000000008a400000, 0x000000008a500000|  0%| F|  |TAMS 0x000000008a400000, 0x000000008a400000| Untracked 
| 165|0x000000008a500000, 0x000000008a500000, 0x000000008a600000|  0%| F|  |TAMS 0x000000008a500000, 0x000000008a500000| Untracked 
| 166|0x000000008a600000, 0x000000008a600000, 0x000000008a700000|  0%| F|  |TAMS 0x000000008a600000, 0x000000008a600000| Untracked 
| 167|0x000000008a700000, 0x000000008a700000, 0x000000008a800000|  0%| F|  |TAMS 0x000000008a700000, 0x000000008a700000| Untracked 
| 168|0x000000008a800000, 0x000000008a800000, 0x000000008a900000|  0%| F|  |TAMS 0x000000008a800000, 0x000000008a800000| Untracked 
| 169|0x000000008a900000, 0x000000008a900000, 0x000000008aa00000|  0%| F|  |TAMS 0x000000008a900000, 0x000000008a900000| Untracked 
| 170|0x000000008aa00000, 0x000000008aa00000, 0x000000008ab00000|  0%| F|  |TAMS 0x000000008aa00000, 0x000000008aa00000| Untracked 
| 171|0x000000008ab00000, 0x000000008ab00000, 0x000000008ac00000|  0%| F|  |TAMS 0x000000008ab00000, 0x000000008ab00000| Untracked 
| 172|0x000000008ac00000, 0x000000008ac00000, 0x000000008ad00000|  0%| F|  |TAMS 0x000000008ac00000, 0x000000008ac00000| Untracked 
| 173|0x000000008ad00000, 0x000000008ad00000, 0x000000008ae00000|  0%| F|  |TAMS 0x000000008ad00000, 0x000000008ad00000| Untracked 
| 174|0x000000008ae00000, 0x000000008ae00000, 0x000000008af00000|  0%| F|  |TAMS 0x000000008ae00000, 0x000000008ae00000| Untracked 
| 175|0x000000008af00000, 0x000000008af00000, 0x000000008b000000|  0%| F|  |TAMS 0x000000008af00000, 0x000000008af00000| Untracked 
| 176|0x000000008b000000, 0x000000008b000000, 0x000000008b100000|  0%| F|  |TAMS 0x000000008b000000, 0x000000008b000000| Untracked 
| 177|0x000000008b100000, 0x000000008b100000, 0x000000008b200000|  0%| F|  |TAMS 0x000000008b100000, 0x000000008b100000| Untracked 
| 178|0x000000008b200000, 0x000000008b200000, 0x000000008b300000|  0%| F|  |TAMS 0x000000008b200000, 0x000000008b200000| Untracked 
| 179|0x000000008b300000, 0x000000008b300000, 0x000000008b400000|  0%| F|  |TAMS 0x000000008b300000, 0x000000008b300000| Untracked 
| 180|0x000000008b400000, 0x000000008b400000, 0x000000008b500000|  0%| F|  |TAMS 0x000000008b400000, 0x000000008b400000| Untracked 
| 181|0x000000008b500000, 0x000000008b500000, 0x000000008b600000|  0%| F|  |TAMS 0x000000008b500000, 0x000000008b500000| Untracked 
| 182|0x000000008b600000, 0x000000008b600000, 0x000000008b700000|  0%| F|  |TAMS 0x000000008b600000, 0x000000008b600000| Untracked 
| 183|0x000000008b700000, 0x000000008b700000, 0x000000008b800000|  0%| F|  |TAMS 0x000000008b700000, 0x000000008b700000| Untracked 
| 184|0x000000008b800000, 0x000000008b800000, 0x000000008b900000|  0%| F|  |TAMS 0x000000008b800000, 0x000000008b800000| Untracked 
| 185|0x000000008b900000, 0x000000008b900000, 0x000000008ba00000|  0%| F|  |TAMS 0x000000008b900000, 0x000000008b900000| Untracked 
| 186|0x000000008ba00000, 0x000000008ba00000, 0x000000008bb00000|  0%| F|  |TAMS 0x000000008ba00000, 0x000000008ba00000| Untracked 
| 187|0x000000008bb00000, 0x000000008bb00000, 0x000000008bc00000|  0%| F|  |TAMS 0x000000008bb00000, 0x000000008bb00000| Untracked 
| 188|0x000000008bc00000, 0x000000008bc00000, 0x000000008bd00000|  0%| F|  |TAMS 0x000000008bc00000, 0x000000008bc00000| Untracked 
| 189|0x000000008bd00000, 0x000000008bd00000, 0x000000008be00000|  0%| F|  |TAMS 0x000000008bd00000, 0x000000008bd00000| Untracked 
| 190|0x000000008be00000, 0x000000008be00000, 0x000000008bf00000|  0%| F|  |TAMS 0x000000008be00000, 0x000000008be00000| Untracked 
| 191|0x000000008bf00000, 0x000000008bf00000, 0x000000008c000000|  0%| F|  |TAMS 0x000000008bf00000, 0x000000008bf00000| Untracked 
| 192|0x000000008c000000, 0x000000008c000000, 0x000000008c100000|  0%| F|  |TAMS 0x000000008c000000, 0x000000008c000000| Untracked 
| 193|0x000000008c100000, 0x000000008c100000, 0x000000008c200000|  0%| F|  |TAMS 0x000000008c100000, 0x000000008c100000| Untracked 
| 194|0x000000008c200000, 0x000000008c200000, 0x000000008c300000|  0%| F|  |TAMS 0x000000008c200000, 0x000000008c200000| Untracked 
| 195|0x000000008c300000, 0x000000008c300000, 0x000000008c400000|  0%| F|  |TAMS 0x000000008c300000, 0x000000008c300000| Untracked 
| 196|0x000000008c400000, 0x000000008c400000, 0x000000008c500000|  0%| F|  |TAMS 0x000000008c400000, 0x000000008c400000| Untracked 
| 197|0x000000008c500000, 0x000000008c500000, 0x000000008c600000|  0%| F|  |TAMS 0x000000008c500000, 0x000000008c500000| Untracked 
| 198|0x000000008c600000, 0x000000008c600000, 0x000000008c700000|  0%| F|  |TAMS 0x000000008c600000, 0x000000008c600000| Untracked 
| 199|0x000000008c700000, 0x000000008c700000, 0x000000008c800000|  0%| F|  |TAMS 0x000000008c700000, 0x000000008c700000| Untracked 
| 200|0x000000008c800000, 0x000000008c800000, 0x000000008c900000|  0%| F|  |TAMS 0x000000008c800000, 0x000000008c800000| Untracked 
| 201|0x000000008c900000, 0x000000008c900000, 0x000000008ca00000|  0%| F|  |TAMS 0x000000008c900000, 0x000000008c900000| Untracked 
| 202|0x000000008ca00000, 0x000000008ca00000, 0x000000008cb00000|  0%| F|  |TAMS 0x000000008ca00000, 0x000000008ca00000| Untracked 
| 203|0x000000008cb00000, 0x000000008cb00000, 0x000000008cc00000|  0%| F|  |TAMS 0x000000008cb00000, 0x000000008cb00000| Untracked 
| 204|0x000000008cc00000, 0x000000008cc00000, 0x000000008cd00000|  0%| F|  |TAMS 0x000000008cc00000, 0x000000008cc00000| Untracked 
| 205|0x000000008cd00000, 0x000000008cd00000, 0x000000008ce00000|  0%| F|  |TAMS 0x000000008cd00000, 0x000000008cd00000| Untracked 
| 206|0x000000008ce00000, 0x000000008ce00000, 0x000000008cf00000|  0%| F|  |TAMS 0x000000008ce00000, 0x000000008ce00000| Untracked 
| 207|0x000000008cf00000, 0x000000008cf00000, 0x000000008d000000|  0%| F|  |TAMS 0x000000008cf00000, 0x000000008cf00000| Untracked 
| 208|0x000000008d000000, 0x000000008d000000, 0x000000008d100000|  0%| F|  |TAMS 0x000000008d000000, 0x000000008d000000| Untracked 
| 209|0x000000008d100000, 0x000000008d100000, 0x000000008d200000|  0%| F|  |TAMS 0x000000008d100000, 0x000000008d100000| Untracked 
| 210|0x000000008d200000, 0x000000008d200000, 0x000000008d300000|  0%| F|  |TAMS 0x000000008d200000, 0x000000008d200000| Untracked 
| 211|0x000000008d300000, 0x000000008d300000, 0x000000008d400000|  0%| F|  |TAMS 0x000000008d300000, 0x000000008d300000| Untracked 
| 212|0x000000008d400000, 0x000000008d400000, 0x000000008d500000|  0%| F|  |TAMS 0x000000008d400000, 0x000000008d400000| Untracked 
| 213|0x000000008d500000, 0x000000008d500000, 0x000000008d600000|  0%| F|  |TAMS 0x000000008d500000, 0x000000008d500000| Untracked 
| 214|0x000000008d600000, 0x000000008d600000, 0x000000008d700000|  0%| F|  |TAMS 0x000000008d600000, 0x000000008d600000| Untracked 
| 215|0x000000008d700000, 0x000000008d700000, 0x000000008d800000|  0%| F|  |TAMS 0x000000008d700000, 0x000000008d700000| Untracked 
| 216|0x000000008d800000, 0x000000008d800000, 0x000000008d900000|  0%| F|  |TAMS 0x000000008d800000, 0x000000008d800000| Untracked 
| 217|0x000000008d900000, 0x000000008d900000, 0x000000008da00000|  0%| F|  |TAMS 0x000000008d900000, 0x000000008d900000| Untracked 
| 218|0x000000008da00000, 0x000000008da00000, 0x000000008db00000|  0%| F|  |TAMS 0x000000008da00000, 0x000000008da00000| Untracked 
| 219|0x000000008db00000, 0x000000008db00000, 0x000000008dc00000|  0%| F|  |TAMS 0x000000008db00000, 0x000000008db00000| Untracked 
| 220|0x000000008dc00000, 0x000000008dc00000, 0x000000008dd00000|  0%| F|  |TAMS 0x000000008dc00000, 0x000000008dc00000| Untracked 
| 221|0x000000008dd00000, 0x000000008dd00000, 0x000000008de00000|  0%| F|  |TAMS 0x000000008dd00000, 0x000000008dd00000| Untracked 
| 222|0x000000008de00000, 0x000000008de00000, 0x000000008df00000|  0%| F|  |TAMS 0x000000008de00000, 0x000000008de00000| Untracked 
| 223|0x000000008df00000, 0x000000008df00000, 0x000000008e000000|  0%| F|  |TAMS 0x000000008df00000, 0x000000008df00000| Untracked 
| 224|0x000000008e000000, 0x000000008e000000, 0x000000008e100000|  0%| F|  |TAMS 0x000000008e000000, 0x000000008e000000| Untracked 
| 225|0x000000008e100000, 0x000000008e100000, 0x000000008e200000|  0%| F|  |TAMS 0x000000008e100000, 0x000000008e100000| Untracked 
| 226|0x000000008e200000, 0x000000008e200000, 0x000000008e300000|  0%| F|  |TAMS 0x000000008e200000, 0x000000008e200000| Untracked 
| 227|0x000000008e300000, 0x000000008e300000, 0x000000008e400000|  0%| F|  |TAMS 0x000000008e300000, 0x000000008e300000| Untracked 
| 228|0x000000008e400000, 0x000000008e400000, 0x000000008e500000|  0%| F|  |TAMS 0x000000008e400000, 0x000000008e400000| Untracked 
| 229|0x000000008e500000, 0x000000008e500000, 0x000000008e600000|  0%| F|  |TAMS 0x000000008e500000, 0x000000008e500000| Untracked 
| 230|0x000000008e600000, 0x000000008e600000, 0x000000008e700000|  0%| F|  |TAMS 0x000000008e600000, 0x000000008e600000| Untracked 
| 231|0x000000008e700000, 0x000000008e700000, 0x000000008e800000|  0%| F|  |TAMS 0x000000008e700000, 0x000000008e700000| Untracked 
| 232|0x000000008e800000, 0x000000008e800000, 0x000000008e900000|  0%| F|  |TAMS 0x000000008e800000, 0x000000008e800000| Untracked 
| 233|0x000000008e900000, 0x000000008e900000, 0x000000008ea00000|  0%| F|  |TAMS 0x000000008e900000, 0x000000008e900000| Untracked 
| 234|0x000000008ea00000, 0x000000008ea00000, 0x000000008eb00000|  0%| F|  |TAMS 0x000000008ea00000, 0x000000008ea00000| Untracked 
| 235|0x000000008eb00000, 0x000000008eb00000, 0x000000008ec00000|  0%| F|  |TAMS 0x000000008eb00000, 0x000000008eb00000| Untracked 
| 236|0x000000008ec00000, 0x000000008ec00000, 0x000000008ed00000|  0%| F|  |TAMS 0x000000008ec00000, 0x000000008ec00000| Untracked 
| 237|0x000000008ed00000, 0x000000008ed00000, 0x000000008ee00000|  0%| F|  |TAMS 0x000000008ed00000, 0x000000008ed00000| Untracked 
| 238|0x000000008ee00000, 0x000000008ee00000, 0x000000008ef00000|  0%| F|  |TAMS 0x000000008ee00000, 0x000000008ee00000| Untracked 
| 239|0x000000008ef00000, 0x000000008ef00000, 0x000000008f000000|  0%| F|  |TAMS 0x000000008ef00000, 0x000000008ef00000| Untracked 
| 240|0x000000008f000000, 0x000000008f000000, 0x000000008f100000|  0%| F|  |TAMS 0x000000008f000000, 0x000000008f000000| Untracked 
| 241|0x000000008f100000, 0x000000008f100000, 0x000000008f200000|  0%| F|  |TAMS 0x000000008f100000, 0x000000008f100000| Untracked 
| 242|0x000000008f200000, 0x000000008f200000, 0x000000008f300000|  0%| F|  |TAMS 0x000000008f200000, 0x000000008f200000| Untracked 
| 243|0x000000008f300000, 0x000000008f300000, 0x000000008f400000|  0%| F|  |TAMS 0x000000008f300000, 0x000000008f300000| Untracked 
| 244|0x000000008f400000, 0x000000008f400000, 0x000000008f500000|  0%| F|  |TAMS 0x000000008f400000, 0x000000008f400000| Untracked 
| 245|0x000000008f500000, 0x000000008f600000, 0x000000008f600000|100%| S|CS|TAMS 0x000000008f500000, 0x000000008f500000| Complete 
| 246|0x000000008f600000, 0x000000008f700000, 0x000000008f700000|100%| S|CS|TAMS 0x000000008f600000, 0x000000008f600000| Complete 
| 247|0x000000008f700000, 0x000000008f800000, 0x000000008f800000|100%| S|CS|TAMS 0x000000008f700000, 0x000000008f700000| Complete 
| 248|0x000000008f800000, 0x000000008f900000, 0x000000008f900000|100%| S|CS|TAMS 0x000000008f800000, 0x000000008f800000| Complete 
| 249|0x000000008f900000, 0x000000008fa00000, 0x000000008fa00000|100%| S|CS|TAMS 0x000000008f900000, 0x000000008f900000| Complete 
| 250|0x000000008fa00000, 0x000000008fb00000, 0x000000008fb00000|100%| S|CS|TAMS 0x000000008fa00000, 0x000000008fa00000| Complete 
| 251|0x000000008fb00000, 0x000000008fc00000, 0x000000008fc00000|100%| S|CS|TAMS 0x000000008fb00000, 0x000000008fb00000| Complete 
| 252|0x000000008fc00000, 0x000000008fc00000, 0x000000008fd00000|  0%| F|  |TAMS 0x000000008fc00000, 0x000000008fc00000| Untracked 
| 253|0x000000008fd00000, 0x000000008fd00000, 0x000000008fe00000|  0%| F|  |TAMS 0x000000008fd00000, 0x000000008fd00000| Untracked 
| 254|0x000000008fe00000, 0x000000008fe00000, 0x000000008ff00000|  0%| F|  |TAMS 0x000000008fe00000, 0x000000008fe00000| Untracked 
| 255|0x000000008ff00000, 0x000000008ff00000, 0x0000000090000000|  0%| F|  |TAMS 0x000000008ff00000, 0x000000008ff00000| Untracked 
| 256|0x0000000090000000, 0x0000000090000000, 0x0000000090100000|  0%| F|  |TAMS 0x0000000090000000, 0x0000000090000000| Untracked 
| 257|0x0000000090100000, 0x0000000090100000, 0x0000000090200000|  0%| F|  |TAMS 0x0000000090100000, 0x0000000090100000| Untracked 
| 258|0x0000000090200000, 0x0000000090200000, 0x0000000090300000|  0%| F|  |TAMS 0x0000000090200000, 0x0000000090200000| Untracked 
| 259|0x0000000090300000, 0x0000000090300000, 0x0000000090400000|  0%| F|  |TAMS 0x0000000090300000, 0x0000000090300000| Untracked 
| 260|0x0000000090400000, 0x0000000090400000, 0x0000000090500000|  0%| F|  |TAMS 0x0000000090400000, 0x0000000090400000| Untracked 
| 261|0x0000000090500000, 0x0000000090500000, 0x0000000090600000|  0%| F|  |TAMS 0x0000000090500000, 0x0000000090500000| Untracked 
| 262|0x0000000090600000, 0x0000000090600000, 0x0000000090700000|  0%| F|  |TAMS 0x0000000090600000, 0x0000000090600000| Untracked 
| 263|0x0000000090700000, 0x0000000090700000, 0x0000000090800000|  0%| F|  |TAMS 0x0000000090700000, 0x0000000090700000| Untracked 
| 264|0x0000000090800000, 0x0000000090800000, 0x0000000090900000|  0%| F|  |TAMS 0x0000000090800000, 0x0000000090800000| Untracked 
| 265|0x0000000090900000, 0x0000000090900000, 0x0000000090a00000|  0%| F|  |TAMS 0x0000000090900000, 0x0000000090900000| Untracked 
| 266|0x0000000090a00000, 0x0000000090a7a770, 0x0000000090b00000| 47%| E|  |TAMS 0x0000000090a00000, 0x0000000090a00000| Complete 
| 267|0x0000000090b00000, 0x0000000090c00000, 0x0000000090c00000|100%| E|CS|TAMS 0x0000000090b00000, 0x0000000090b00000| Complete 
| 268|0x0000000090c00000, 0x0000000090d00000, 0x0000000090d00000|100%| E|CS|TAMS 0x0000000090c00000, 0x0000000090c00000| Complete 

Card table byte_map: [0x00000293a1540000,0x00000293a1940000] _byte_map_base: 0x00000293a1140000

Marking Bits (Prev, Next): (CMBitMap*) 0x000002938e6c80e0, (CMBitMap*) 0x000002938e6c80a8
 Prev Bits: [0x00000293a3d40000, 0x00000293a5d40000)
 Next Bits: [0x00000293a1d40000, 0x00000293a3d40000)

Polling page: 0x000002938c5b0000

Metaspace:

Usage:
  Non-class:    114.54 MB capacity,   112.48 MB ( 98%) used,     1.65 MB (  1%) free+waste,   423.06 KB ( <1%) overhead. 
      Class:     17.22 MB capacity,    16.03 MB ( 93%) used,     1.01 MB (  6%) free+waste,   183.88 KB (  1%) overhead. 
       Both:    131.76 MB capacity,   128.51 MB ( 98%) used,     2.66 MB (  2%) free+waste,   606.94 KB ( <1%) overhead. 

Virtual space:
  Non-class space:      116.00 MB reserved,     114.65 MB ( 99%) committed 
      Class space:        1.00 GB reserved,      17.22 MB (  2%) committed 
             Both:        1.11 GB reserved,     131.87 MB ( 12%) committed 

Chunk freelists:
   Non-Class:  44.00 KB
       Class:  0 bytes
        Both:  44.00 KB

MaxMetaspaceSize: 17179869184.00 GB
CompressedClassSpaceSize: 1.00 GB

CodeHeap 'non-profiled nmethods': size=120064Kb used=12277Kb max_used=12277Kb free=107786Kb
 bounds [0x0000029399c00000, 0x000002939a800000, 0x00000293a1140000]
CodeHeap 'profiled nmethods': size=120000Kb used=47247Kb max_used=47247Kb free=72752Kb
 bounds [0x00000293926d0000, 0x0000029395510000, 0x0000029399c00000]
CodeHeap 'non-nmethods': size=5696Kb used=2389Kb max_used=2449Kb free=3306Kb
 bounds [0x0000029392140000, 0x00000293923c0000, 0x00000293926d0000]
 total_blobs=21255 nmethods=20233 adapters=931
 compilation: enabled
              stopped_count=0, restarted_count=0
 full_count=0

Compilation events (20 events):
Event: 4419.573 Thread 0x00000293a8b02800 21356       1       org.gradle.internal.work.DefaultConditionalExecutionQueue::access$200 (5 bytes)
Event: 4419.573 Thread 0x00000293a8b02800 nmethod 21356 0x000002939a7fc890 code [0x000002939a7fca40, 0x000002939a7fcad8]
Event: 4419.599 Thread 0x00000293a8b02800 21357       2       com.google.protobuf.ByteString$LiteralByteString::writeTo (17 bytes)
Event: 4419.599 Thread 0x00000293a8b02800 nmethod 21357 0x00000293954f5910 code [0x00000293954f5ae0, 0x00000293954f5c88]
Event: 4419.599 Thread 0x00000293a8b02800 21358       2       com.google.protobuf.CodedOutputStream$ArrayEncoder::writeBytes (12 bytes)
Event: 4419.599 Thread 0x00000293a8b02800 nmethod 21358 0x00000293954f5d90 code [0x00000293954f5f60, 0x00000293954f60f8]
Event: 4419.599 Thread 0x00000293a8b02800 21359       2       com.google.protobuf.CodedOutputStream$ArrayEncoder::writeLazy (8 bytes)
Event: 4419.600 Thread 0x00000293a8b02800 nmethod 21359 0x00000293954f6210 code [0x00000293954f63c0, 0x00000293954f64c8]
Event: 4419.600 Thread 0x00000293a8b02800 21360       2       com.google.protobuf.CodedOutputStream::computeBytesSizeNoTag (8 bytes)
Event: 4419.600 Thread 0x00000293a8b02800 nmethod 21360 0x00000293954f6590 code [0x00000293954f6760, 0x00000293954f6878]
Event: 4419.602 Thread 0x00000293a8b02800 21361   !   2       org.gradle.api.internal.tasks.execution.FinalizePropertiesTaskExecuter::execute (168 bytes)
Event: 4419.602 Thread 0x00000293a8b02800 nmethod 21361 0x00000293954f6990 code [0x00000293954f6c20, 0x00000293954f7288]
Event: 4419.603 Thread 0x00000293a8b02800 21362       1       kotlin.sequences.FilteringSequence::access$getSequence$p (5 bytes)
Event: 4419.603 Thread 0x00000293a8b02800 nmethod 21362 0x000002939a7fcb90 code [0x000002939a7fcd40, 0x000002939a7fcdd8]
Event: 4419.607 Thread 0x00000293a8b02800 21363   !   2       com.google.common.cache.LocalCache$Segment::reclaimValue (257 bytes)
Event: 4419.612 Thread 0x00000293a8b02800 nmethod 21363 0x00000293954f7690 code [0x00000293954f7aa0, 0x00000293954f8c08]
Event: 4419.613 Thread 0x00000293a8b02800 21364       2       org.gradle.api.internal.artifacts.DependencyManagementGradleUserHomeScopeServices$$Lambda$905/0x0000000100b72840::get$Lambda (9 bytes)
Event: 4419.613 Thread 0x00000293a8b02800 nmethod 21364 0x00000293954fa010 code [0x00000293954fa1c0, 0x00000293954fa338]
Event: 4419.613 Thread 0x00000293a8b02800 21365       2       org.gradle.internal.fingerprint.impl.AbstractFileCollectionFingerprinter::normalizePath (11 bytes)
Event: 4419.614 Thread 0x00000293a8b02800 nmethod 21365 0x00000293954fa410 code [0x00000293954fa5c0, 0x00000293954fa6e8]

GC Heap History (20 events):
Event: 25.873 GC heap before
{Heap before GC invocations=20 (full 0):
 garbage-first heap   total 275456K, used 177819K [0x0000000080000000, 0x0000000100000000)
  region size 1024K, 94 young (96256K), 16 survivors (16384K)
 Metaspace       used 111224K, capacity 113943K, committed 114048K, reserved 1148928K
  class space    used 14271K, capacity 15257K, committed 15284K, reserved 1048576K
}
Event: 25.914 GC heap after
{Heap after GC invocations=21 (full 0):
 garbage-first heap   total 275456K, used 107781K [0x0000000080000000, 0x0000000100000000)
  region size 1024K, 11 young (11264K), 11 survivors (11264K)
 Metaspace       used 111224K, capacity 113943K, committed 114048K, reserved 1148928K
  class space    used 14271K, capacity 15257K, committed 15284K, reserved 1048576K
}
Event: 28.210 GC heap before
{Heap before GC invocations=22 (full 0):
 garbage-first heap   total 275456K, used 218373K [0x0000000080000000, 0x0000000100000000)
  region size 1024K, 109 young (111616K), 11 survivors (11264K)
 Metaspace       used 119439K, capacity 122499K, committed 122620K, reserved 1155072K
  class space    used 15452K, capacity 16620K, committed 16740K, reserved 1048576K
}
Event: 28.220 GC heap after
{Heap after GC invocations=23 (full 0):
 garbage-first heap   total 275456K, used 102976K [0x0000000080000000, 0x0000000100000000)
  region size 1024K, 3 young (3072K), 3 survivors (3072K)
 Metaspace       used 119439K, capacity 122499K, committed 122620K, reserved 1155072K
  class space    used 15452K, capacity 16620K, committed 16740K, reserved 1048576K
}
Event: 153.887 GC heap before
{Heap before GC invocations=24 (full 0):
 garbage-first heap   total 275456K, used 211520K [0x0000000080000000, 0x0000000100000000)
  region size 1024K, 110 young (112640K), 3 survivors (3072K)
 Metaspace       used 126933K, capacity 130219K, committed 130428K, reserved 1163264K
  class space    used 16133K, capacity 17361K, committed 17380K, reserved 1048576K
}
Event: 153.910 GC heap after
{Heap after GC invocations=25 (full 0):
 garbage-first heap   total 275456K, used 117760K [0x0000000080000000, 0x0000000100000000)
  region size 1024K, 14 young (14336K), 14 survivors (14336K)
 Metaspace       used 126933K, capacity 130219K, committed 130428K, reserved 1163264K
  class space    used 16133K, capacity 17361K, committed 17380K, reserved 1048576K
}
Event: 159.942 GC heap before
{Heap before GC invocations=25 (full 0):
 garbage-first heap   total 275456K, used 225280K [0x0000000080000000, 0x0000000100000000)
  region size 1024K, 105 young (107520K), 14 survivors (14336K)
 Metaspace       used 129596K, capacity 132891K, committed 132988K, reserved 1165312K
  class space    used 16384K, capacity 17605K, committed 17636K, reserved 1048576K
}
Event: 159.966 GC heap after
{Heap after GC invocations=26 (full 0):
 garbage-first heap   total 275456K, used 123125K [0x0000000080000000, 0x0000000100000000)
  region size 1024K, 7 young (7168K), 7 survivors (7168K)
 Metaspace       used 129596K, capacity 132891K, committed 132988K, reserved 1165312K
  class space    used 16384K, capacity 17605K, committed 17636K, reserved 1048576K
}
Event: 161.209 GC heap before
{Heap before GC invocations=26 (full 0):
 garbage-first heap   total 275456K, used 217333K [0x0000000080000000, 0x0000000100000000)
  region size 1024K, 96 young (98304K), 7 survivors (7168K)
 Metaspace       used 130278K, capacity 133533K, committed 133756K, reserved 1165312K
  class space    used 16387K, capacity 17611K, committed 17636K, reserved 1048576K
}
Event: 161.226 GC heap after
{Heap after GC invocations=27 (full 0):
 garbage-first heap   total 275456K, used 130500K [0x0000000080000000, 0x0000000100000000)
  region size 1024K, 12 young (12288K), 12 survivors (12288K)
 Metaspace       used 130278K, capacity 133533K, committed 133756K, reserved 1165312K
  class space    used 16387K, capacity 17611K, committed 17636K, reserved 1048576K
}
Event: 161.754 GC heap before
{Heap before GC invocations=27 (full 0):
 garbage-first heap   total 275456K, used 167364K [0x0000000080000000, 0x0000000100000000)
  region size 1024K, 44 young (45056K), 12 survivors (12288K)
 Metaspace       used 130422K, capacity 133733K, committed 134012K, reserved 1165312K
  class space    used 16387K, capacity 17611K, committed 17636K, reserved 1048576K
}
Event: 161.765 GC heap after
{Heap after GC invocations=28 (full 0):
 garbage-first heap   total 275456K, used 126479K [0x0000000080000000, 0x0000000100000000)
  region size 1024K, 2 young (2048K), 2 survivors (2048K)
 Metaspace       used 130422K, capacity 133733K, committed 134012K, reserved 1165312K
  class space    used 16387K, capacity 17611K, committed 17636K, reserved 1048576K
}
Event: 1552.935 GC heap before
{Heap before GC invocations=29 (full 0):
 garbage-first heap   total 275456K, used 219663K [0x0000000080000000, 0x0000000100000000)
  region size 1024K, 95 young (97280K), 2 survivors (2048K)
 Metaspace       used 131127K, capacity 134397K, committed 134524K, reserved 1167360K
  class space    used 16389K, capacity 17603K, committed 17636K, reserved 1048576K
}
Event: 1552.944 GC heap after
{Heap after GC invocations=30 (full 0):
 garbage-first heap   total 275456K, used 117231K [0x0000000080000000, 0x0000000100000000)
  region size 1024K, 1 young (1024K), 1 survivors (1024K)
 Metaspace       used 131127K, capacity 134397K, committed 134524K, reserved 1167360K
  class space    used 16389K, capacity 17603K, committed 17636K, reserved 1048576K
}
Event: 2182.659 GC heap before
{Heap before GC invocations=30 (full 0):
 garbage-first heap   total 275456K, used 128495K [0x0000000080000000, 0x0000000100000000)
  region size 1024K, 13 young (13312K), 1 survivors (1024K)
 Metaspace       used 131155K, capacity 134461K, committed 134524K, reserved 1167360K
  class space    used 16389K, capacity 17603K, committed 17636K, reserved 1048576K
}
Event: 2182.668 GC heap after
{Heap after GC invocations=31 (full 0):
 garbage-first heap   total 275456K, used 110140K [0x0000000080000000, 0x0000000100000000)
  region size 1024K, 1 young (1024K), 1 survivors (1024K)
 Metaspace       used 131155K, capacity 134461K, committed 134524K, reserved 1167360K
  class space    used 16389K, capacity 17603K, committed 17636K, reserved 1048576K
}
Event: 4419.324 GC heap before
{Heap before GC invocations=31 (full 0):
 garbage-first heap   total 275456K, used 218684K [0x0000000080000000, 0x0000000100000000)
  region size 1024K, 106 young (108544K), 1 survivors (1024K)
 Metaspace       used 131532K, capacity 134913K, committed 135036K, reserved 1167360K
  class space    used 16409K, capacity 17631K, committed 17636K, reserved 1048576K
}
Event: 4419.344 GC heap after
{Heap after GC invocations=32 (full 0):
 garbage-first heap   total 275456K, used 126573K [0x0000000080000000, 0x0000000100000000)
  region size 1024K, 14 young (14336K), 14 survivors (14336K)
 Metaspace       used 131532K, capacity 134913K, committed 135036K, reserved 1167360K
  class space    used 16409K, capacity 17631K, committed 17636K, reserved 1048576K
}
Event: 4419.498 GC heap before
{Heap before GC invocations=32 (full 0):
 garbage-first heap   total 275456K, used 151149K [0x0000000080000000, 0x0000000100000000)
  region size 1024K, 31 young (31744K), 14 survivors (14336K)
 Metaspace       used 131579K, capacity 134925K, committed 135036K, reserved 1167360K
  class space    used 16410K, capacity 17633K, committed 17636K, reserved 1048576K
}
Event: 4419.556 GC heap after
{Heap after GC invocations=33 (full 0):
 garbage-first heap   total 275456K, used 137598K [0x0000000080000000, 0x0000000100000000)
  region size 1024K, 7 young (7168K), 7 survivors (7168K)
 Metaspace       used 131579K, capacity 134925K, committed 135036K, reserved 1167360K
  class space    used 16410K, capacity 17633K, committed 17636K, reserved 1048576K
}

Deoptimization events (20 events):
Event: 4419.267 Thread 0x00000293b29a2800 Uncommon trap: trap_request=0xffffffde fr.pc=0x000002939a5f07a4 relative=0x0000000000000e04
Event: 4419.267 Thread 0x00000293b29a2800 Uncommon trap: reason=class_check action=maybe_recompile pc=0x000002939a5f07a4 method=com.android.ide.common.resources.configuration.FolderConfiguration.getQualifierString()Ljava/lang/String; @ 37 c2
Event: 4419.267 Thread 0x00000293b29a2800 DEOPT PACKING pc=0x000002939a5f07a4 sp=0x000000f9691fa540
Event: 4419.267 Thread 0x00000293b29a2800 DEOPT UNPACKING pc=0x00000293921678af sp=0x000000f9691fa470 mode 2
Event: 4419.275 Thread 0x00000293b29a2800 Uncommon trap: trap_request=0xffffffde fr.pc=0x000002939a5ee7d4 relative=0x0000000000000d34
Event: 4419.275 Thread 0x00000293b29a2800 Uncommon trap: reason=class_check action=maybe_recompile pc=0x000002939a5ee7d4 method=com.android.ide.common.resources.configuration.FolderConfiguration.getQualifierString()Ljava/lang/String; @ 37 c2
Event: 4419.275 Thread 0x00000293b29a2800 DEOPT PACKING pc=0x000002939a5ee7d4 sp=0x000000f9691fa460
Event: 4419.275 Thread 0x00000293b29a2800 DEOPT UNPACKING pc=0x00000293921678af sp=0x000000f9691fa458 mode 2
Event: 4419.293 Thread 0x00000293b29a2800 DEOPT PACKING pc=0x0000029394d65fdb sp=0x000000f9691fa970
Event: 4419.293 Thread 0x00000293b29a2800 DEOPT UNPACKING pc=0x00000293921676ce sp=0x000000f9691f9e70 mode 0
Event: 4419.304 Thread 0x00000293b29a2800 Uncommon trap: trap_request=0xffffffc6 fr.pc=0x000002939a6068a8 relative=0x00000000000003c8
Event: 4419.304 Thread 0x00000293b29a2800 Uncommon trap: reason=bimorphic_or_optimized_type_check action=maybe_recompile pc=0x000002939a6068a8 method=org.apache.xerces.dom.ElementImpl.getAttributes()Lorg/w3c/dom/NamedNodeMap; @ 8 c2
Event: 4419.304 Thread 0x00000293b29a2800 DEOPT PACKING pc=0x000002939a6068a8 sp=0x000000f9691fa660
Event: 4419.304 Thread 0x00000293b29a2800 DEOPT UNPACKING pc=0x00000293921678af sp=0x000000f9691fa648 mode 2
Event: 4419.415 Thread 0x00000293b29a2800 Uncommon trap: trap_request=0xffffffc6 fr.pc=0x000002939a60990c relative=0x00000000000006ec
Event: 4419.415 Thread 0x00000293b29a2800 Uncommon trap: reason=bimorphic_or_optimized_type_check action=maybe_recompile pc=0x000002939a60990c method=org.apache.xerces.dom.CoreDocumentImpl.isKidOK(Lorg/w3c/dom/Node;Lorg/w3c/dom/Node;)Z @ 39 c2
Event: 4419.415 Thread 0x00000293b29a2800 DEOPT PACKING pc=0x000002939a60990c sp=0x000000f9691faad0
Event: 4419.415 Thread 0x00000293b29a2800 DEOPT UNPACKING pc=0x00000293921678af sp=0x000000f9691fa9f8 mode 2
Event: 4419.561 Thread 0x00000293b29a2800 DEOPT PACKING pc=0x0000029394e1e913 sp=0x000000f9691fa900
Event: 4419.561 Thread 0x00000293b29a2800 DEOPT UNPACKING pc=0x00000293921676ce sp=0x000000f9691f9dd8 mode 0

Classes redefined (0 events):
No events

Internal exceptions (20 events):
Event: 320.161 Thread 0x00000293aa0a6800 Exception <a 'java/lang/NoSuchMethodError'{0x0000000090451d20}: 'java.lang.Object java.lang.invoke.DirectMethodHandle$Holder.invokeSpecial(java.lang.Object, java.lang.Object, int, int, int, java.lang.Object, java.lang.Object, java.lang.Object)'> (0x0000000090451d20) thrown at [./src/hotspot/share/interpreter/linkResolver.cpp, line 773]
Event: 320.161 Thread 0x00000293aa0a6800 Exception <a 'java/lang/NoSuchMethodError'{0x0000000090455360}: 'java.lang.Object java.lang.invoke.DelegatingMethodHandle$Holder.reinvoke_L(java.lang.Object, int, int, int, java.lang.Object, java.lang.Object, java.lang.Object)'> (0x0000000090455360) thrown at [./src/hotspot/share/interpreter/linkResolver.cpp, line 773]
Event: 320.162 Thread 0x00000293aa0a6800 Exception <a 'java/lang/NoSuchMethodError'{0x000000009045ca48}: 'java.lang.Object java.lang.invoke.DirectMethodHandle$Holder.invokeStatic(java.lang.Object, java.lang.Object, java.lang.Object, java.lang.Object, java.lang.Object, int)'> (0x000000009045ca48) thrown at [./src/hotspot/share/interpreter/linkResolver.cpp, line 773]
Event: 320.163 Thread 0x00000293aa0a6800 Exception <a 'java/lang/NoSuchMethodError'{0x0000000090471f88}: 'java.lang.Object java.lang.invoke.DirectMethodHandle$Holder.invokeStatic(java.lang.Object, java.lang.Object, java.lang.Object, java.lang.Object, java.lang.Object, int, int)'> (0x0000000090471f88) thrown at [./src/hotspot/share/interpreter/linkResolver.cpp, line 773]
Event: 649.846 Thread 0x00000293aa0aa000 Exception <a 'sun/nio/fs/WindowsException'{0x000000008e756698}> (0x000000008e756698) thrown at [./src/hotspot/share/prims/jni.cpp, line 615]
Event: 649.963 Thread 0x00000293aa0aa000 Exception <a 'sun/nio/fs/WindowsException'{0x000000008dfd9fd8}> (0x000000008dfd9fd8) thrown at [./src/hotspot/share/prims/jni.cpp, line 615]
Event: 649.986 Thread 0x00000293aa0aa000 Exception <a 'sun/nio/fs/WindowsException'{0x000000008de7c388}> (0x000000008de7c388) thrown at [./src/hotspot/share/prims/jni.cpp, line 615]
Event: 649.986 Thread 0x00000293aa0aa000 Exception <a 'sun/nio/fs/WindowsException'{0x000000008de7d458}> (0x000000008de7d458) thrown at [./src/hotspot/share/prims/jni.cpp, line 615]
Event: 649.986 Thread 0x00000293aa0aa000 Exception <a 'sun/nio/fs/WindowsException'{0x000000008de7e578}> (0x000000008de7e578) thrown at [./src/hotspot/share/prims/jni.cpp, line 615]
Event: 649.986 Thread 0x00000293aa0aa000 Exception <a 'sun/nio/fs/WindowsException'{0x000000008de7f698}> (0x000000008de7f698) thrown at [./src/hotspot/share/prims/jni.cpp, line 615]
Event: 650.085 Thread 0x00000293aa0aa000 Exception <a 'sun/nio/fs/WindowsException'{0x000000008d81d770}> (0x000000008d81d770) thrown at [./src/hotspot/share/prims/jni.cpp, line 615]
Event: 650.538 Thread 0x00000293af692000 Implicit null exception at 0x000002939a6c2e0b to 0x000002939a6c407c
Event: 650.682 Thread 0x00000293af690800 Exception <a 'sun/nio/fs/WindowsException'{0x000000008c028ab8}> (0x000000008c028ab8) thrown at [./src/hotspot/share/prims/jni.cpp, line 615]
Event: 4418.712 Thread 0x00000293af692000 Exception <a 'sun/nio/fs/WindowsException'{0x000000008cda2f88}> (0x000000008cda2f88) thrown at [./src/hotspot/share/prims/jni.cpp, line 615]
Event: 4418.870 Thread 0x00000293af692000 Exception <a 'sun/nio/fs/WindowsException'{0x000000008c23acd0}> (0x000000008c23acd0) thrown at [./src/hotspot/share/prims/jni.cpp, line 615]
Event: 4418.880 Thread 0x00000293af692000 Exception <a 'sun/nio/fs/WindowsException'{0x000000008c2dc718}> (0x000000008c2dc718) thrown at [./src/hotspot/share/prims/jni.cpp, line 615]
Event: 4418.881 Thread 0x00000293af692000 Exception <a 'sun/nio/fs/WindowsException'{0x000000008c2dd7e8}> (0x000000008c2dd7e8) thrown at [./src/hotspot/share/prims/jni.cpp, line 615]
Event: 4418.881 Thread 0x00000293af692000 Exception <a 'sun/nio/fs/WindowsException'{0x000000008c2de908}> (0x000000008c2de908) thrown at [./src/hotspot/share/prims/jni.cpp, line 615]
Event: 4418.881 Thread 0x00000293af692000 Exception <a 'sun/nio/fs/WindowsException'{0x000000008c2dfa28}> (0x000000008c2dfa28) thrown at [./src/hotspot/share/prims/jni.cpp, line 615]
Event: 4418.929 Thread 0x00000293af692000 Exception <a 'sun/nio/fs/WindowsException'{0x000000008be19eb0}> (0x000000008be19eb0) thrown at [./src/hotspot/share/prims/jni.cpp, line 615]

Events (20 events):
Event: 4419.574 Executing VM operation: RevokeBias
Event: 4419.574 Executing VM operation: RevokeBias done
Event: 4419.574 Executing VM operation: RevokeBias
Event: 4419.574 Executing VM operation: RevokeBias done
Event: 4419.589 Executing VM operation: RevokeBias
Event: 4419.590 Executing coalesced safepoint VM operation: RevokeBias
Event: 4419.590 Executing coalesced safepoint VM operation: RevokeBias done
Event: 4419.590 Executing VM operation: RevokeBias done
Event: 4419.591 Executing VM operation: RevokeBias
Event: 4419.591 Executing coalesced safepoint VM operation: RevokeBias
Event: 4419.591 Executing coalesced safepoint VM operation: RevokeBias done
Event: 4419.591 Executing VM operation: RevokeBias done
Event: 4419.594 Executing VM operation: RevokeBias
Event: 4419.594 Executing VM operation: RevokeBias done
Event: 4419.601 Executing VM operation: RevokeBias
Event: 4419.601 Executing VM operation: RevokeBias done
Event: 4419.603 Executing VM operation: RevokeBias
Event: 4419.604 Executing VM operation: RevokeBias done
Event: 4419.614 Executing VM operation: RevokeBias
Event: 4419.614 Executing VM operation: RevokeBias done


Dynamic libraries:
0x00007ff74ac40000 - 0x00007ff74ac4a000 	C:\Program Files\Android\Android Studio\jre\bin\java.exe
0x00007ffa34e30000 - 0x00007ffa35025000 	C:\WINDOWS\SYSTEM32\ntdll.dll
0x00007ffa34d30000 - 0x00007ffa34ded000 	C:\WINDOWS\System32\KERNEL32.DLL
0x00007ffa32670000 - 0x00007ffa32938000 	C:\WINDOWS\System32\KERNELBASE.dll
0x00007ffa32570000 - 0x00007ffa32670000 	C:\WINDOWS\System32\ucrtbase.dll
0x00007ffa07710000 - 0x00007ffa07729000 	C:\Program Files\Android\Android Studio\jre\bin\jli.dll
0x00007ffa337f0000 - 0x00007ffa33990000 	C:\WINDOWS\System32\USER32.dll
0x00007ffa0e1d0000 - 0x00007ffa0e1e7000 	C:\Program Files\Android\Android Studio\jre\bin\VCRUNTIME140.dll
0x00007ffa32bc0000 - 0x00007ffa32be2000 	C:\WINDOWS\System32\win32u.dll
0x00007ffa331b0000 - 0x00007ffa331da000 	C:\WINDOWS\System32\GDI32.dll
0x00007ffa32d80000 - 0x00007ffa32e8b000 	C:\WINDOWS\System32\gdi32full.dll
0x00007ffa32b20000 - 0x00007ffa32bbd000 	C:\WINDOWS\System32\msvcp_win.dll
0x00007ffa165c0000 - 0x00007ffa1685a000 	C:\WINDOWS\WinSxS\amd64_microsoft.windows.common-controls_6595b64144ccf1df_6.0.19041.844_none_ca00b6081b84eb1d\COMCTL32.dll
0x00007ffa34c90000 - 0x00007ffa34d2e000 	C:\WINDOWS\System32\msvcrt.dll
0x00007ffa32f20000 - 0x00007ffa32f50000 	C:\WINDOWS\System32\IMM32.DLL
0x00007ffa07670000 - 0x00007ffa0770d000 	C:\Program Files\Android\Android Studio\jre\bin\msvcp140.dll
0x00007ff9f9530000 - 0x00007ff9f9fff000 	C:\Program Files\Android\Android Studio\jre\bin\server\jvm.dll
0x00007ffa33de0000 - 0x00007ffa33e8c000 	C:\WINDOWS\System32\ADVAPI32.dll
0x00007ffa33110000 - 0x00007ffa331ab000 	C:\WINDOWS\System32\sechost.dll
0x00007ffa34b40000 - 0x00007ffa34c6b000 	C:\WINDOWS\System32\RPCRT4.dll
0x00007ffa339f0000 - 0x00007ffa339f8000 	C:\WINDOWS\System32\PSAPI.DLL
0x00007ffa2e240000 - 0x00007ffa2e249000 	C:\WINDOWS\SYSTEM32\WSOCK32.dll
0x00007ffa249d0000 - 0x00007ffa249f7000 	C:\WINDOWS\SYSTEM32\WINMM.dll
0x00007ffa33ca0000 - 0x00007ffa33d0b000 	C:\WINDOWS\System32\WS2_32.dll
0x00007ffa2b1a0000 - 0x00007ffa2b1aa000 	C:\WINDOWS\SYSTEM32\VERSION.dll
0x00007ffa30e90000 - 0x00007ffa30ea2000 	C:\WINDOWS\SYSTEM32\kernel.appcore.dll
0x00007ffa2a800000 - 0x00007ffa2a811000 	C:\Program Files\Android\Android Studio\jre\bin\verify.dll
0x00007ffa30c20000 - 0x00007ffa30e04000 	C:\WINDOWS\SYSTEM32\DBGHELP.DLL
0x00007ffa181a0000 - 0x00007ffa181cc000 	C:\WINDOWS\SYSTEM32\dbgcore.DLL
0x00007ffa32aa0000 - 0x00007ffa32b20000 	C:\WINDOWS\System32\bcryptPrimitives.dll
0x00007ffa1fb30000 - 0x00007ffa1fb59000 	C:\Program Files\Android\Android Studio\jre\bin\java.dll
0x00007ffa2cd80000 - 0x00007ffa2cd8b000 	C:\Program Files\Android\Android Studio\jre\bin\jimage.dll
0x00007ffa1fb10000 - 0x00007ffa1fb28000 	C:\Program Files\Android\Android Studio\jre\bin\zip.dll
0x00007ffa34390000 - 0x00007ffa34ad2000 	C:\WINDOWS\System32\SHELL32.dll
0x00007ffa303c0000 - 0x00007ffa30b51000 	C:\WINDOWS\SYSTEM32\windows.storage.dll
0x00007ffa33e90000 - 0x00007ffa341e5000 	C:\WINDOWS\System32\combase.dll
0x00007ffa31f10000 - 0x00007ffa31f3c000 	C:\WINDOWS\SYSTEM32\Wldp.dll
0x00007ffa33b90000 - 0x00007ffa33c3e000 	C:\WINDOWS\System32\SHCORE.dll
0x00007ffa33b30000 - 0x00007ffa33b85000 	C:\WINDOWS\System32\shlwapi.dll
0x00007ffa324b0000 - 0x00007ffa324cf000 	C:\WINDOWS\SYSTEM32\profapi.dll
0x00007ffa1fa80000 - 0x00007ffa1fa9a000 	C:\Program Files\Android\Android Studio\jre\bin\net.dll
0x00007ffa2c1c0000 - 0x00007ffa2c2cb000 	C:\WINDOWS\SYSTEM32\WINHTTP.dll
0x00007ffa31c80000 - 0x00007ffa31cea000 	C:\WINDOWS\system32\mswsock.dll
0x00007ffa1fa60000 - 0x00007ffa1fa74000 	C:\Program Files\Android\Android Studio\jre\bin\nio.dll
0x00007ffa07760000 - 0x00007ffa07787000 	C:\Users\oleg\.gradle\native\8bec1ad78214c89d9ad589b4d07fe93259594b29d510b10fafb7a158f7737e5d\windows-amd64\native-platform.dll
0x00007ffa01c20000 - 0x00007ffa01d5d000 	C:\Users\oleg\.gradle\native\53dbd7edfb1c66fb8903c78663c9afc45aea4f116125fa6feffd364cf09443e8\windows-amd64\native-platform-file-events.dll
0x00007ffa2a7f0000 - 0x00007ffa2a7fa000 	C:\Program Files\Android\Android Studio\jre\bin\management.dll
0x00007ffa1fa50000 - 0x00007ffa1fa5c000 	C:\Program Files\Android\Android Studio\jre\bin\management_ext.dll
0x00007ffa31e50000 - 0x00007ffa31e68000 	C:\WINDOWS\SYSTEM32\CRYPTSP.dll
0x00007ffa31620000 - 0x00007ffa31654000 	C:\WINDOWS\system32\rsaenh.dll
0x00007ffa32d50000 - 0x00007ffa32d77000 	C:\WINDOWS\System32\bcrypt.dll
0x00007ffa32430000 - 0x00007ffa3245e000 	C:\WINDOWS\SYSTEM32\USERENV.dll
0x00007ffa31e70000 - 0x00007ffa31e7c000 	C:\WINDOWS\SYSTEM32\CRYPTBASE.dll
0x00007ffa31970000 - 0x00007ffa319ab000 	C:\WINDOWS\SYSTEM32\IPHLPAPI.DLL
0x00007ffa337e0000 - 0x00007ffa337e8000 	C:\WINDOWS\System32\NSI.dll
0x00007ffa303a0000 - 0x00007ffa303b7000 	C:\WINDOWS\SYSTEM32\dhcpcsvc6.DLL
0x00007ffa30380000 - 0x00007ffa3039d000 	C:\WINDOWS\SYSTEM32\dhcpcsvc.DLL
0x00007ffa319b0000 - 0x00007ffa31a7c000 	C:\WINDOWS\SYSTEM32\DNSAPI.dll
0x00007ffa2d6d0000 - 0x00007ffa2d6d8000 	C:\Program Files\Android\Android Studio\jre\bin\rmi.dll
0x00007ffa1fa30000 - 0x00007ffa1fa47000 	C:\WINDOWS\system32\napinsp.dll
0x00007ffa1f8a0000 - 0x00007ffa1f8bb000 	C:\WINDOWS\system32\pnrpnsp.dll
0x00007ffa2d130000 - 0x00007ffa2d145000 	C:\WINDOWS\system32\wshbth.dll
0x00007ffa2db90000 - 0x00007ffa2dbad000 	C:\WINDOWS\system32\NLAapi.dll
0x00007ffa15000000 - 0x00007ffa15012000 	C:\WINDOWS\System32\winrnr.dll
0x00007ffa2a830000 - 0x00007ffa2a83a000 	C:\Windows\System32\rasadhlp.dll
0x00007ffa1c460000 - 0x00007ffa1c4df000 	C:\WINDOWS\System32\fwpuclnt.dll

dbghelp: loaded successfully - version: 4.0.5 - missing functions: none
symbol engine: initialized successfully - sym options: 0x614 - pdb path: .;C:\Program Files\Android\Android Studio\jre\bin;C:\WINDOWS\SYSTEM32;C:\WINDOWS\WinSxS\amd64_microsoft.windows.common-controls_6595b64144ccf1df_6.0.19041.844_none_ca00b6081b84eb1d;C:\Program Files\Android\Android Studio\jre\bin\server;C:\Users\oleg\.gradle\native\8bec1ad78214c89d9ad589b4d07fe93259594b29d510b10fafb7a158f7737e5d\windows-amd64;C:\Users\oleg\.gradle\native\53dbd7edfb1c66fb8903c78663c9afc45aea4f116125fa6feffd364cf09443e8\windows-amd64

VM Arguments:
jvm_args: --add-opens=java.base/java.util=ALL-UNNAMED --add-opens=java.base/java.lang=ALL-UNNAMED --add-opens=java.base/java.lang.invoke=ALL-UNNAMED --add-opens=java.base/java.util=ALL-UNNAMED --add-opens=java.prefs/java.util.prefs=ALL-UNNAMED --add-opens=java.prefs/java.util.prefs=ALL-UNNAMED --add-opens=java.base/java.nio.charset=ALL-UNNAMED --add-opens=java.base/java.net=ALL-UNNAMED --add-opens=java.base/java.util.concurrent.atomic=ALL-UNNAMED -Xmx2048m -Dfile.encoding=UTF-8 -Duser.country=RU -Duser.language=ru -Duser.variant 
java_command: org.gradle.launcher.daemon.bootstrap.GradleDaemon 7.0.2
java_class_path (initial): C:\Users\oleg\.gradle\wrapper\dists\gradle-7.0.2-bin\857tjihv64xamwrf0h14cai3r\gradle-7.0.2\lib\gradle-launcher-7.0.2.jar
Launcher Type: SUN_STANDARD

[Global flags]
     intx CICompilerCount                          = 3                                         {product} {ergonomic}
     uint ConcGCThreads                            = 1                                         {product} {ergonomic}
     uint G1ConcRefinementThreads                  = 4                                         {product} {ergonomic}
   size_t G1HeapRegionSize                         = 1048576                                   {product} {ergonomic}
    uintx GCDrainStackTargetSize                   = 64                                        {product} {ergonomic}
   size_t InitialHeapSize                          = 234881024                                 {product} {ergonomic}
   size_t MarkStackSize                            = 4194304                                   {product} {ergonomic}
   size_t MaxHeapSize                              = 2147483648                                {product} {command line}
   size_t MaxNewSize                               = 1287651328                                {product} {ergonomic}
   size_t MinHeapDeltaBytes                        = 1048576                                   {product} {ergonomic}
    uintx NonNMethodCodeHeapSize                   = 5830732                                {pd product} {ergonomic}
    uintx NonProfiledCodeHeapSize                  = 122913754                              {pd product} {ergonomic}
    uintx ProfiledCodeHeapSize                     = 122913754                              {pd product} {ergonomic}
    uintx ReservedCodeCacheSize                    = 251658240                              {pd product} {ergonomic}
     bool SegmentedCodeCache                       = true                                      {product} {ergonomic}
     bool UseCompressedClassPointers               = true                                 {lp64_product} {ergonomic}
     bool UseCompressedOops                        = true                                 {lp64_product} {ergonomic}
     bool UseG1GC                                  = true                                      {product} {ergonomic}
     bool UseLargePagesIndividualAllocation        = false                                  {pd product} {ergonomic}

Logging:
Log output configuration:
 #0: stdout all=warning uptime,level,tags
 #1: stderr all=off uptime,level,tags

Environment Variables:
PATH=C:\WINDOWS\system32;C:\WINDOWS;C:\WINDOWS\System32\Wbem;C:\WINDOWS\System32\WindowsPowerShell\v1.0\;C:\WINDOWS\System32\OpenSSH\;C:\Program Files\Git\cmd;C:\Users\oleg\AppData\Local\Microsoft\WindowsApps;C:\Users\oleg\AppData\Local\GitHubDesktop\bin;
USERNAME=oleg
OS=Windows_NT
PROCESSOR_IDENTIFIER=AMD64 Family 23 Model 24 Stepping 1, AuthenticAMD



---------------  S Y S T E M  ---------------

OS: Windows 10 , 64 bit Build 19041 (10.0.19041.928)
OS uptime: 1 days 16:56 hours

CPU:total 4 (initial active 4) (4 cores per cpu, 2 threads per core) family 23 model 24 stepping 1 microcode 0x0, cmov, cx8, fxsr, mmx, sse, sse2, sse3, ssse3, sse4.1, sse4.2, popcnt, avx, avx2, aes, clmul, mmxext, 3dnowpref, lzcnt, sse4a, ht, tsc, tscinvbit, tscinv, bmi1, bmi2, adx, s

Memory: 4k page, system-wide physical 14250M (4556M free)
TotalPageFile size 14250M (AvailPageFile size 4887M)
current process WorkingSet (physical memory assigned to process): 418M, peak: 627M
current process commit charge ("private bytes"): 647M, peak: 654M

vm_info: OpenJDK 64-Bit Server VM (11.0.10+0-b96-7249189) for windows-amd64 JRE (11.0.10+0-b96-7249189), built on Mar 31 2021 21:44:00 by "builder" with MS VC++ 14.0 (VS2015)

END.
